        -:    0:Source:/home/yeawer/tree/BigInteger.cpp
        -:    0:Graph:/home/yeawer/tree/cmake-build-debug-coverage/CMakeFiles/tree.dir/BigInteger.cpp.gcno
        -:    0:Data:/home/yeawer/tree/cmake-build-debug-coverage/CMakeFiles/tree.dir/BigInteger.cpp.gcda
        -:    0:Runs:1
        -:    1:#include"BigInteger.h"
        -:    2:
function _ZN6bigint9is_bigintENSt7__cxx1112basic_stringIcSt11char_traitsIcESaIcEEE called 203153 returned 100% blocks executed 88%
   203153:    3:bool bigint::is_bigint(std::string s) {                              // Checks if the feeded integer is valid Number or not.
   203153:    4:    if(s[0] == '-')
   203153:    4-block  0
call    0 returned 203153
branch  1 taken 2737 (fallthrough)
branch  2 taken 200416
     2737:    5:        s.erase(0, 1);
     2737:    5-block  0
call    0 returned 2737
   474988:    6:    for(unsigned long long int i = 0; i < s.length(); ++i) {
   203153:    6-block  0
   271835:    6-block  1
   474988:    6-block  2
call    0 returned 474988
branch  1 taken 271835
branch  2 taken 203153 (fallthrough)
  271835*:    7:        if(!((int)s[i] > 47 && (int)s[i] < 58))
   271835:    7-block  0
call    0 returned 271835
branch  1 taken 271835 (fallthrough)
branch  2 taken 0
   271835:    7-block  1
call    3 returned 271835
branch  4 taken 0 (fallthrough)
branch  5 taken 271835
    %%%%%:    7-block  2
   271835:    7-block  3
   271835:    7-block  4
branch  6 taken 0 (fallthrough)
branch  7 taken 271835
    #####:    8:            return false;
    %%%%%:    8-block  0
        -:    9:    }
   203153:   10:    return true;
   203153:   10-block  0
        -:   11:}
        -:   12:
        -:   13:
        -:   14://---------------------------------------------------------
        -:   15://--------Internal Arithmetic functions Definitions--------
        -:   16://---------------------------------------------------------
        -:   17:
        -:   18:/*
        -:   19:        ______________________________________________________
        -:   20:                        Addition Function
        -:   21:        ______________________________________________________
        -:   22:                      Algorithm Explanation
        -:   23:
        -:   24:        Simple traversal from right to left in the longest string and adding each character
        -:   25:        from each of both strings as integer and keeping track of carry and storing the result
        -:   26:        into new String(sum). If the numbers are negative in either of the Strings provided
        -:   27:        the respective Subtract function is called.
        -:   28:
        -:   29:        Algorithmic Time Complexity : O(max(n, m))
        -:   30:        Algorithmic Space Complexity : O(max(n, m))
        -:   31:        where n ans m are the lengths of respective strings(Integers) provided.
        -:   32:*/
        -:   33:
function _ZN6bigint3addENSt7__cxx1112basic_stringIcSt11char_traitsIcESaIcEEES5_ called 35261 returned 100% blocks executed 67%
    35261:   34:std::string bigint::add(std::string str1, std::string str2) {          // returns arithmetic addition of str1+str2
    35261:   35:    int str1_len = str1.length();
    35261:   35-block  0
call    0 returned 35261
    35261:   36:    int str2_len = str2.length();
call    0 returned 35261
    35261:   37:    std::string sum = "";
call    0 returned 35261
call    1 returned 35261
branch  2 taken 35261 (fallthrough)
branch  3 taken 0 (throw)
    $$$$$:   37-block  0
        -:   38:
   35261*:   39:    if(str1_len == 0 && str2_len == 0) {
branch  0 taken 0 (fallthrough)
branch  1 taken 35261
    %%%%%:   39-block  0
branch  2 never executed
branch  3 never executed
    #####:   40:        sum = "0";
    %%%%%:   40-block  0
call    0 never executed
branch  1 never executed
branch  2 never executed
    %%%%%:   40-block  1
    35261:   41:    } else if(str1[0] == '-' && str2[0] == '-') {
    35261:   41-block  0
call    0 returned 35261
branch  1 taken 35261 (fallthrough)
branch  2 taken 0 (throw)
    35261:   41-block  1
branch  3 taken 12633 (fallthrough)
branch  4 taken 22628
    12633:   41-block  2
call    5 returned 12633
branch  6 taken 12633 (fallthrough)
branch  7 taken 0 (throw)
    12633:   41-block  3
branch  8 taken 3783 (fallthrough)
branch  9 taken 8850
     3783:   41-block  4
    31478:   41-block  5
    35261:   41-block  6
branch 10 taken 3783 (fallthrough)
branch 11 taken 31478
    3783*:   42:        if(str1_len == 1 && str2_len == 1) {
     3783:   42-block  0
branch  0 taken 0 (fallthrough)
branch  1 taken 3783
    %%%%%:   42-block  1
branch  2 never executed
branch  3 never executed
    #####:   43:            sum = "0";
    %%%%%:   43-block  0
call    0 never executed
branch  1 never executed
branch  2 never executed
    %%%%%:   43-block  1
        -:   44:        } else {
     3783:   45:            sum = "-" + add(str1.erase(0, 1), str2.erase(0, 1));
     3783:   45-block  0
call    0 returned 3783
branch  1 taken 3783 (fallthrough)
branch  2 taken 0 (throw)
     3783:   45-block  1
call    3 returned 3783
branch  4 taken 3783 (fallthrough)
branch  5 taken 0 (throw)
     3783:   45-block  2
call    6 returned 3783
branch  7 taken 3783 (fallthrough)
branch  8 taken 0 (throw)
     3783:   45-block  3
call    9 returned 3783
branch 10 taken 3783 (fallthrough)
branch 11 taken 0 (throw)
     3783:   45-block  4
call   12 returned 3783
branch 13 taken 3783 (fallthrough)
branch 14 taken 0 (throw)
     3783:   45-block  5
call   15 returned 3783
branch 16 taken 3783 (fallthrough)
branch 17 taken 0 (throw)
     3783:   45-block  6
call   18 returned 3783
call   19 returned 3783
call   20 returned 3783
call   21 returned 3783
call   22 returned 3783
    $$$$$:   45-block  7
call   23 never executed
    $$$$$:   45-block  8
    $$$$$:   45-block  9
call   24 never executed
    $$$$$:   45-block 10
    $$$$$:   45-block 11
call   25 never executed
    $$$$$:   45-block 12
        -:   46:        }
    31478:   47:    } else if(str1[0] == '-') {
    31478:   47-block  0
call    0 returned 31478
branch  1 taken 31478 (fallthrough)
branch  2 taken 0 (throw)
    31478:   47-block  1
branch  3 taken 8850 (fallthrough)
branch  4 taken 22628
     8850:   48:        sum = subtract(str2, str1.erase(0, 1));
     8850:   48-block  0
call    0 returned 8850
branch  1 taken 8850 (fallthrough)
branch  2 taken 0 (throw)
     8850:   48-block  1
call    3 returned 8850
branch  4 taken 8850 (fallthrough)
branch  5 taken 0 (throw)
     8850:   48-block  2
call    6 returned 8850
branch  7 taken 8850 (fallthrough)
branch  8 taken 0 (throw)
     8850:   48-block  3
call    9 returned 8850
branch 10 taken 8850 (fallthrough)
branch 11 taken 0 (throw)
     8850:   48-block  4
call   12 returned 8850
call   13 returned 8850
call   14 returned 8850
call   15 returned 8850
    $$$$$:   48-block  5
call   16 never executed
    $$$$$:   48-block  6
    $$$$$:   48-block  7
call   17 never executed
    $$$$$:   48-block  8
    22628:   49:    } else if(str2[0] == '-') {
    22628:   49-block  0
call    0 returned 22628
branch  1 taken 22628 (fallthrough)
branch  2 taken 0 (throw)
    22628:   49-block  1
branch  3 taken 5786 (fallthrough)
branch  4 taken 16842
     5786:   50:        sum = subtract(str1, str2.erase(0, 1));
     5786:   50-block  0
call    0 returned 5786
branch  1 taken 5786 (fallthrough)
branch  2 taken 0 (throw)
     5786:   50-block  1
call    3 returned 5786
branch  4 taken 5786 (fallthrough)
branch  5 taken 0 (throw)
     5786:   50-block  2
call    6 returned 5786
branch  7 taken 5786 (fallthrough)
branch  8 taken 0 (throw)
     5786:   50-block  3
call    9 returned 5786
branch 10 taken 5786 (fallthrough)
branch 11 taken 0 (throw)
     5786:   50-block  4
call   12 returned 5786
call   13 returned 5786
call   14 returned 5786
call   15 returned 5786
    $$$$$:   50-block  5
call   16 never executed
    $$$$$:   50-block  6
    $$$$$:   50-block  7
call   17 never executed
    $$$$$:   50-block  8
        -:   51:    } else {
    16842:   52:        int i, j, track_sum, carry = 0;
    40446:   53:        for(i = str1_len-1, j = str2_len-1; i >= 0 && j >= 0; --i, --j) {
    16842:   53-block  0
    40446:   53-block  1
branch  0 taken 31922 (fallthrough)
branch  1 taken 8524
    31922:   53-block  2
branch  2 taken 23604
branch  3 taken 8318 (fallthrough)
    23604:   54:            track_sum =  ((int)str1[i])-48 + ((int)str2[j])-48 + carry;
    23604:   54-block  0
call    0 returned 23604
branch  1 taken 23604 (fallthrough)
branch  2 taken 0 (throw)
    23604:   54-block  1
call    3 returned 23604
branch  4 taken 23604 (fallthrough)
branch  5 taken 0 (throw)
    23604:   55:            carry = track_sum/10;
    23604:   56:            sum = std::to_string(track_sum%10) + sum;
    23604:   56-block  0
call    0 returned 23604
branch  1 taken 23604 (fallthrough)
branch  2 taken 0 (throw)
    23604:   56-block  1
call    3 returned 23604
branch  4 taken 23604 (fallthrough)
branch  5 taken 0 (throw)
    23604:   56-block  2
call    6 returned 23604
call    7 returned 23604
call    8 returned 23604
    $$$$$:   56-block  3
call    9 never executed
    $$$$$:   56-block  4
        -:   57:        }
    16842:   58:        if(i >= 0 && j < 0) {
    16842:   58-block  0
branch  0 taken 8318 (fallthrough)
branch  1 taken 8524
     8318:   58-block  1
branch  2 taken 8318 (fallthrough)
branch  3 taken 0
    21004:   59:            for(; i >= 0; --i) {
     8318:   59-block  0
    21004:   59-block  1
branch  0 taken 12686
branch  1 taken 8318 (fallthrough)
    12686:   60:                track_sum = ((int)str1[i])-48 + carry;
    12686:   60-block  0
call    0 returned 12686
branch  1 taken 12686 (fallthrough)
branch  2 taken 0 (throw)
    12686:   61:                carry = track_sum/10;
    12686:   62:                sum = std::to_string(track_sum%10) + sum;
    12686:   62-block  0
call    0 returned 12686
branch  1 taken 12686 (fallthrough)
branch  2 taken 0 (throw)
    12686:   62-block  1
call    3 returned 12686
branch  4 taken 12686 (fallthrough)
branch  5 taken 0 (throw)
    12686:   62-block  2
call    6 returned 12686
call    7 returned 12686
call    8 returned 12686
    $$$$$:   62-block  3
call    9 never executed
    $$$$$:   62-block  4
        -:   63:            }
     8524:   64:        } else if(j >= 0 && i < 0) {
     8524:   64-block  0
branch  0 taken 3468 (fallthrough)
branch  1 taken 5056
     3468:   64-block  1
branch  2 taken 3468 (fallthrough)
branch  3 taken 0
     8392:   65:            for(; j >= 0; --j) {
     3468:   65-block  0
     8392:   65-block  1
branch  0 taken 4924
branch  1 taken 3468 (fallthrough)
     4924:   66:                track_sum = ((int)str2[j])-48 + carry;
     4924:   66-block  0
call    0 returned 4924
branch  1 taken 4924 (fallthrough)
branch  2 taken 0 (throw)
     4924:   67:                carry = track_sum/10;
     4924:   68:                sum = std::to_string(track_sum%10) + sum;
     4924:   68-block  0
call    0 returned 4924
branch  1 taken 4924 (fallthrough)
branch  2 taken 0 (throw)
     4924:   68-block  1
call    3 returned 4924
branch  4 taken 4924 (fallthrough)
branch  5 taken 0 (throw)
     4924:   68-block  2
call    6 returned 4924
call    7 returned 4924
call    8 returned 4924
    $$$$$:   68-block  3
call    9 never executed
    $$$$$:   68-block  4
        -:   69:            }
        -:   70:        }
    16842:   71:        if(carry) {
    16842:   71-block  0
branch  0 taken 1361 (fallthrough)
branch  1 taken 15481
     1361:   72:            sum = std::to_string(carry) + sum;
     1361:   72-block  0
call    0 returned 1361
branch  1 taken 1361 (fallthrough)
branch  2 taken 0 (throw)
     1361:   72-block  1
call    3 returned 1361
branch  4 taken 1361 (fallthrough)
branch  5 taken 0 (throw)
     1361:   72-block  2
call    6 returned 1361
call    7 returned 1361
call    8 returned 1361
    $$$$$:   72-block  3
call    9 never executed
    $$$$$:   72-block  4
        -:   73:        }
        -:   74:    }
    70522:   75:    return trim(sum);
    35261:   75-block  0
call    0 returned 35261
branch  1 taken 35261 (fallthrough)
branch  2 taken 0 (throw)
    35261:   75-block  1
call    3 returned 35261
branch  4 taken 35261 (fallthrough)
branch  5 taken 0 (throw)
    35261:   75-block  2
call    6 returned 35261
    35261:   75-block  3
    $$$$$:   75-block  4
call    7 never executed
    $$$$$:   75-block  5
    35261:   76:}
call    0 returned 35261
    $$$$$:   76-block  0
call    1 never executed
        -:   77:
        -:   78:/*
        -:   79:        ______________________________________________________
        -:   80:                      Subtraction Function
        -:   81:        ______________________________________________________
        -:   82:                      Algorithm Explanation
        -:   83:
        -:   84:        Simple traversal from right to left in the longest string and subtracting each character
        -:   85:        from second string from  first string integer and keeping track of carry and storing the result
        -:   86:        into new String(ans). If the both numbers are negative in the Strings provided the respective
        -:   87:        Addition function is called.
        -:   88:
        -:   89:        Algorithmic Time Complexity : O(max(n, m))
        -:   90:        Algorithmic Space Complexity : O(max(n, m))
        -:   91:        where n ans m are the lengths of respective strings(Integers) provided.
        -:   92:*/
        -:   93:
function _ZN6bigint8subtractENSt7__cxx1112basic_stringIcSt11char_traitsIcESaIcEEES5_ called 79887 returned 100% blocks executed 54%
    79887:   94:std::string bigint::subtract(std::string str1, std::string str2) {                 // returns arithmetic subtraction of str1-str2
    79887:   95:    int str1_len = str1.length();
    79887:   95-block  0
call    0 returned 79887
    79887:   96:    int str2_len = str2.length();
call    0 returned 79887
    79887:   97:    std::string sum = "";
call    0 returned 79887
call    1 returned 79887
branch  2 taken 79887 (fallthrough)
branch  3 taken 0 (throw)
    $$$$$:   97-block  0
    79887:   98:    if(str1 == str2) {
call    0 returned 79887
branch  1 taken 329 (fallthrough)
branch  2 taken 79558
      329:   99:        return "0";
      329:   99-block  0
call    0 returned 329
call    1 returned 329
branch  2 taken 329 (fallthrough)
branch  3 taken 0 (throw)
      329:   99-block  1
call    4 returned 329
    $$$$$:   99-block  2
call    5 never executed
    $$$$$:   99-block  3
    79558:  100:    } else if(str1[0] == '-' && str2[0] == '-') {
    79558:  100-block  0
call    0 returned 79558
branch  1 taken 79558 (fallthrough)
branch  2 taken 0 (throw)
    79558:  100-block  1
branch  3 taken 2529 (fallthrough)
branch  4 taken 77029
     2529:  100-block  2
call    5 returned 2529
branch  6 taken 2529 (fallthrough)
branch  7 taken 0 (throw)
     2529:  100-block  3
branch  8 taken 1053 (fallthrough)
branch  9 taken 1476
     1053:  100-block  4
    78505:  100-block  5
    79558:  100-block  6
branch 10 taken 1053 (fallthrough)
branch 11 taken 78505
    1053*:  101:        if(str2_len == 1 && str1_len == 1) {
     1053:  101-block  0
branch  0 taken 0 (fallthrough)
branch  1 taken 1053
    %%%%%:  101-block  1
branch  2 never executed
branch  3 never executed
    #####:  102:            sum = "0";
    %%%%%:  102-block  0
call    0 never executed
branch  1 never executed
branch  2 never executed
    %%%%%:  102-block  1
        -:  103:        } else {
     1053:  104:            bigint t1(str1.erase(0, 1));
     1053:  104-block  0
call    0 returned 1053
branch  1 taken 1053 (fallthrough)
branch  2 taken 0 (throw)
     1053:  104-block  1
call    3 returned 1053
branch  4 taken 1053 (fallthrough)
branch  5 taken 0 (throw)
     1053:  104-block  2
call    6 returned 1053
branch  7 taken 1053 (fallthrough)
branch  8 taken 0 (throw)
    $$$$$:  104-block  3
     1053:  105:            bigint t2(str2.erase(0, 1));
call    0 returned 1053
branch  1 taken 1053 (fallthrough)
branch  2 taken 0 (throw)
     1053:  105-block  0
call    3 returned 1053
branch  4 taken 1053 (fallthrough)
branch  5 taken 0 (throw)
     1053:  105-block  1
call    6 returned 1053
branch  7 taken 1053 (fallthrough)
branch  8 taken 0 (throw)
    $$$$$:  105-block  2
     2106:  106:            std::string temp = subtract(t2.str, t1.str);
call    0 returned 1053
branch  1 taken 1053 (fallthrough)
branch  2 taken 0 (throw)
     1053:  106-block  0
call    3 returned 1053
branch  4 taken 1053 (fallthrough)
branch  5 taken 0 (throw)
     1053:  106-block  1
call    6 returned 1053
branch  7 taken 1053 (fallthrough)
branch  8 taken 0 (throw)
call    9 returned 1053
    $$$$$:  106-block  2
    $$$$$:  106-block  3
     2106:  107:            bigint mx = maximum(t2.str, t1.str);
call    0 returned 1053
branch  1 taken 1053 (fallthrough)
branch  2 taken 0 (throw)
     1053:  107-block  0
call    3 returned 1053
branch  4 taken 1053 (fallthrough)
branch  5 taken 0 (throw)
     1053:  107-block  1
call    6 returned 1053
branch  7 taken 1053 (fallthrough)
branch  8 taken 0 (throw)
     1053:  107-block  2
call    9 returned 1053
branch 10 taken 1053 (fallthrough)
branch 11 taken 0 (throw)
call   12 returned 1053
call   13 returned 1053
    $$$$$:  107-block  3
    $$$$$:  107-block  4
    $$$$$:  107-block  5
    1053*:  108:            if(temp[0] != '-' && mx.str == t1.str)
call    0 returned 1053
branch  1 taken 1053 (fallthrough)
branch  2 taken 0 (throw)
     1053:  108-block  0
branch  3 taken 1053 (fallthrough)
branch  4 taken 0
     1053:  108-block  1
call    5 returned 1053
branch  6 taken 0 (fallthrough)
branch  7 taken 1053
    %%%%%:  108-block  2
     1053:  108-block  3
     1053:  108-block  4
branch  8 taken 0 (fallthrough)
branch  9 taken 1053
    #####:  109:                sum = "-" + temp;
    %%%%%:  109-block  0
call    0 never executed
branch  1 never executed
branch  2 never executed
    %%%%%:  109-block  1
call    3 never executed
call    4 never executed
        -:  110:            else
     1053:  111:                sum = temp;
     1053:  111-block  0
call    0 returned 1053
branch  1 taken 1053 (fallthrough)
branch  2 taken 0 (throw)
     1053:  112:        }
     1053:  112-block  0
call    0 returned 1053
call    1 returned 1053
call    2 returned 1053
call    3 returned 1053
    $$$$$:  112-block  1
call    4 never executed
    $$$$$:  112-block  2
call    5 never executed
    $$$$$:  112-block  3
call    6 never executed
    $$$$$:  112-block  4
call    7 never executed
    78505:  113:    } else if(str1[0] == '-') {
    78505:  113-block  0
call    0 returned 78505
branch  1 taken 78505 (fallthrough)
branch  2 taken 0 (throw)
    78505:  113-block  1
branch  3 taken 1476 (fallthrough)
branch  4 taken 77029
     1476:  114:        sum = "-" + add(str1.erase(0, 1), str2);
     1476:  114-block  0
call    0 returned 1476
branch  1 taken 1476 (fallthrough)
branch  2 taken 0 (throw)
     1476:  114-block  1
call    3 returned 1476
branch  4 taken 1476 (fallthrough)
branch  5 taken 0 (throw)
     1476:  114-block  2
call    6 returned 1476
branch  7 taken 1476 (fallthrough)
branch  8 taken 0 (throw)
     1476:  114-block  3
call    9 returned 1476
branch 10 taken 1476 (fallthrough)
branch 11 taken 0 (throw)
     1476:  114-block  4
call   12 returned 1476
branch 13 taken 1476 (fallthrough)
branch 14 taken 0 (throw)
     1476:  114-block  5
call   15 returned 1476
call   16 returned 1476
call   17 returned 1476
call   18 returned 1476
call   19 returned 1476
    $$$$$:  114-block  6
call   20 never executed
    $$$$$:  114-block  7
    $$$$$:  114-block  8
call   21 never executed
    $$$$$:  114-block  9
    $$$$$:  114-block 10
call   22 never executed
    $$$$$:  114-block 11
    77029:  115:    } else if(str2[0] == '-') {
    77029:  115-block  0
call    0 returned 77029
branch  1 taken 77029 (fallthrough)
branch  2 taken 0 (throw)
    77029:  115-block  1
branch  3 taken 0 (fallthrough)
branch  4 taken 77029
    #####:  116:        sum = add(str1, str2.erase(0, 1));
    %%%%%:  116-block  0
call    0 never executed
branch  1 never executed
branch  2 never executed
    %%%%%:  116-block  1
call    3 never executed
branch  4 never executed
branch  5 never executed
    %%%%%:  116-block  2
call    6 never executed
branch  7 never executed
branch  8 never executed
    %%%%%:  116-block  3
call    9 never executed
branch 10 never executed
branch 11 never executed
    %%%%%:  116-block  4
call   12 never executed
call   13 never executed
call   14 never executed
call   15 never executed
    $$$$$:  116-block  5
call   16 never executed
    $$$$$:  116-block  6
    $$$$$:  116-block  7
call   17 never executed
    $$$$$:  116-block  8
        -:  117:    } else {
        -:  118:        //? Implement Subtract
        -:  119:
    77029:  120:        int i, j, track_sum, carry = 0;
    77029:  121:        if(str1_len < str2_len) {
    77029:  121-block  0
branch  0 taken 6843 (fallthrough)
branch  1 taken 70186
     6843:  122:            std::string tp = str1;
     6843:  122-block  0
call    0 returned 6843
branch  1 taken 6843 (fallthrough)
branch  2 taken 0 (throw)
     6843:  123:            str1 = str2;
     6843:  123-block  0
call    0 returned 6843
branch  1 taken 6843 (fallthrough)
branch  2 taken 0 (throw)
     6843:  124:            str2 = tp;
     6843:  124-block  0
call    0 returned 6843
branch  1 taken 6843 (fallthrough)
branch  2 taken 0 (throw)
     6843:  125:            sum = "-" + subtract(str1, str2);
     6843:  125-block  0
call    0 returned 6843
branch  1 taken 6843 (fallthrough)
branch  2 taken 0 (throw)
     6843:  125-block  1
call    3 returned 6843
branch  4 taken 6843 (fallthrough)
branch  5 taken 0 (throw)
     6843:  125-block  2
call    6 returned 6843
branch  7 taken 6843 (fallthrough)
branch  8 taken 0 (throw)
     6843:  125-block  3
call    9 returned 6843
branch 10 taken 6843 (fallthrough)
branch 11 taken 0 (throw)
     6843:  125-block  4
call   12 returned 6843
call   13 returned 6843
call   14 returned 6843
call   15 returned 6843
call   16 returned 6843
    $$$$$:  125-block  5
call   17 never executed
    $$$$$:  125-block  6
    $$$$$:  125-block  7
call   18 never executed
    $$$$$:  125-block  8
    $$$$$:  125-block  9
call   19 never executed
    $$$$$:  125-block 10
     6843:  126:            return trim(sum);
call    0 returned 6843
branch  1 taken 6843 (fallthrough)
branch  2 taken 0 (throw)
     6843:  126-block  0
call    3 returned 6843
branch  4 taken 6843 (fallthrough)
branch  5 taken 0 (throw)
     6843:  126-block  1
call    6 returned 6843
    $$$$$:  126-block  2
call    7 never executed
    $$$$$:  126-block  3
    77029:  127:        } else if(str1_len == str2_len) {
call    0 returned 6843
    70186:  127-block  0
branch  1 taken 54856 (fallthrough)
branch  2 taken 15330
    $$$$$:  127-block  1
call    3 never executed
    54856:  128:            bigint a(str1);
    54856:  128-block  0
call    0 returned 54856
branch  1 taken 54856 (fallthrough)
branch  2 taken 0 (throw)
    54856:  128-block  1
call    3 returned 54856
branch  4 taken 54856 (fallthrough)
branch  5 taken 0 (throw)
    $$$$$:  128-block  2
    54856:  129:            bigint b(str2);
call    0 returned 54856
branch  1 taken 54856 (fallthrough)
branch  2 taken 0 (throw)
    54856:  129-block  0
call    3 returned 54856
branch  4 taken 54856 (fallthrough)
branch  5 taken 0 (throw)
    $$$$$:  129-block  1
   109712:  130:            bigint mx = maximum(a.str, b.str);
call    0 returned 54856
branch  1 taken 54856 (fallthrough)
branch  2 taken 0 (throw)
    54856:  130-block  0
call    3 returned 54856
branch  4 taken 54856 (fallthrough)
branch  5 taken 0 (throw)
    54856:  130-block  1
call    6 returned 54856
branch  7 taken 54856 (fallthrough)
branch  8 taken 0 (throw)
    54856:  130-block  2
call    9 returned 54856
branch 10 taken 54856 (fallthrough)
branch 11 taken 0 (throw)
call   12 returned 54856
call   13 returned 54856
    $$$$$:  130-block  3
    $$$$$:  130-block  4
    $$$$$:  130-block  5
    54856:  131:            if(mx.str == str2) {
call    0 returned 54856
branch  1 taken 3484 (fallthrough)
branch  2 taken 51372
     3484:  132:                std::string tp = str1;
     3484:  132-block  0
call    0 returned 3484
branch  1 taken 3484 (fallthrough)
branch  2 taken 0 (throw)
     3484:  133:                str1 = str2;
     3484:  133-block  0
call    0 returned 3484
branch  1 taken 3484 (fallthrough)
branch  2 taken 0 (throw)
     3484:  134:                str2 = tp;
     3484:  134-block  0
call    0 returned 3484
branch  1 taken 3484 (fallthrough)
branch  2 taken 0 (throw)
     3484:  135:                bigint t1(str1);
     3484:  135-block  0
call    0 returned 3484
branch  1 taken 3484 (fallthrough)
branch  2 taken 0 (throw)
     3484:  135-block  1
call    3 returned 3484
branch  4 taken 3484 (fallthrough)
branch  5 taken 0 (throw)
    $$$$$:  135-block  2
     3484:  136:                bigint t2(str2);
call    0 returned 3484
branch  1 taken 3484 (fallthrough)
branch  2 taken 0 (throw)
     3484:  136-block  0
call    3 returned 3484
branch  4 taken 3484 (fallthrough)
branch  5 taken 0 (throw)
    $$$$$:  136-block  1
     6968:  137:                bigint temp = subtract(str1, str2);
call    0 returned 3484
branch  1 taken 3484 (fallthrough)
branch  2 taken 0 (throw)
     3484:  137-block  0
call    3 returned 3484
branch  4 taken 3484 (fallthrough)
branch  5 taken 0 (throw)
     3484:  137-block  1
call    6 returned 3484
branch  7 taken 3484 (fallthrough)
branch  8 taken 0 (throw)
     3484:  137-block  2
call    9 returned 3484
branch 10 taken 3484 (fallthrough)
branch 11 taken 0 (throw)
call   12 returned 3484
call   13 returned 3484
    $$$$$:  137-block  3
    $$$$$:  137-block  4
    $$$$$:  137-block  5
     3484:  138:                sum = "-" + subtract(str1, str2);
call    0 returned 3484
branch  1 taken 3484 (fallthrough)
branch  2 taken 0 (throw)
     3484:  138-block  0
call    3 returned 3484
branch  4 taken 3484 (fallthrough)
branch  5 taken 0 (throw)
     3484:  138-block  1
call    6 returned 3484
branch  7 taken 3484 (fallthrough)
branch  8 taken 0 (throw)
     3484:  138-block  2
call    9 returned 3484
branch 10 taken 3484 (fallthrough)
branch 11 taken 0 (throw)
     3484:  138-block  3
call   12 returned 3484
call   13 returned 3484
call   14 returned 3484
call   15 returned 3484
call   16 returned 3484
    $$$$$:  138-block  4
call   17 never executed
    $$$$$:  138-block  5
    $$$$$:  138-block  6
call   18 never executed
    $$$$$:  138-block  7
    $$$$$:  138-block  8
call   19 never executed
    $$$$$:  138-block  9
     3484:  139:                return trim(sum);
call    0 returned 3484
branch  1 taken 3484 (fallthrough)
branch  2 taken 0 (throw)
     3484:  139-block  0
call    3 returned 3484
branch  4 taken 3484 (fallthrough)
branch  5 taken 0 (throw)
     3484:  139-block  1
call    6 returned 3484
    $$$$$:  139-block  2
call    7 never executed
    $$$$$:  139-block  3
     3484:  140:            }
call    0 returned 3484
call    1 returned 3484
call    2 returned 3484
call    3 returned 3484
    $$$$$:  140-block  0
call    4 never executed
    $$$$$:  140-block  1
call    5 never executed
    $$$$$:  140-block  2
call    6 never executed
    $$$$$:  140-block  3
call    7 never executed
    61824:  141:        }
    51372:  141-block  0
    54856:  141-block  1
call    0 returned 54856
branch  1 taken 51372 (fallthrough)
branch  2 taken 3484
    51372:  141-block  2
    54856:  141-block  3
call    3 returned 54856
branch  4 taken 51372 (fallthrough)
branch  5 taken 3484
    51372:  141-block  4
    54856:  141-block  5
call    6 returned 54856
branch  7 taken 51372 (fallthrough)
branch  8 taken 3484
    $$$$$:  141-block  6
call    9 never executed
    $$$$$:  141-block  7
call   10 never executed
    $$$$$:  141-block  8
call   11 never executed
        -:  142:        int val1, val2;
   171873:  143:        for(i = str1_len-1, j = str2_len-1; i >= 0 || j >= 0; --i, --j) {
    66702:  143-block  0
   171873:  143-block  1
branch  0 taken 105171
branch  1 taken 66702 (fallthrough)
    66702:  143-block  2
branch  2 taken 0
branch  3 taken 66702 (fallthrough)
   105171:  144:            if(i >= 0) {
   105171:  144-block  0
branch  0 taken 105171 (fallthrough)
branch  1 taken 0
   105171:  145:                val1 = (int) str1[i] - 48;
   105171:  145-block  0
call    0 returned 105171
branch  1 taken 105171 (fallthrough)
branch  2 taken 0 (throw)
   105171:  145-block  1
        -:  146:            } else {
    #####:  147:                val1 = 0;
    %%%%%:  147-block  0
        -:  148:            }
   105171:  149:            if(j >= 0) {
   105171:  149-block  0
branch  0 taken 84849 (fallthrough)
branch  1 taken 20322
    84849:  150:                val2 = (int) str2[j] - 48;
    84849:  150-block  0
call    0 returned 84849
branch  1 taken 84849 (fallthrough)
branch  2 taken 0 (throw)
    84849:  150-block  1
        -:  151:            } else {
    20322:  152:                val2 = 0;
    20322:  152-block  0
        -:  153:            }
   105171:  154:            track_sum = val1 - val2 - carry;
   105171:  155:            if(track_sum < 0) {
   105171:  155-block  0
branch  0 taken 8168 (fallthrough)
branch  1 taken 97003
     8168:  156:                track_sum += 10;
     8168:  157:                carry = 1;
     8168:  157-block  0
        -:  158:            } else {
    97003:  159:                carry = 0;
    97003:  159-block  0
        -:  160:            }
   105171:  161:            sum = std::to_string(track_sum) + sum;
   105171:  161-block  0
call    0 returned 105171
branch  1 taken 105171 (fallthrough)
branch  2 taken 0 (throw)
   105171:  161-block  1
call    3 returned 105171
branch  4 taken 105171 (fallthrough)
branch  5 taken 0 (throw)
   105171:  161-block  2
call    6 returned 105171
call    7 returned 105171
call    8 returned 105171
    $$$$$:  161-block  3
call    9 never executed
    $$$$$:  161-block  4
        -:  162:        }
        -:  163:    }
    69231:  164:    return trim(sum);
    69231:  164-block  0
call    0 returned 69231
branch  1 taken 69231 (fallthrough)
branch  2 taken 0 (throw)
    69231:  164-block  1
call    3 returned 69231
branch  4 taken 69231 (fallthrough)
branch  5 taken 0 (throw)
    69231:  164-block  2
call    6 returned 69231
    $$$$$:  164-block  3
call    7 never executed
    $$$$$:  164-block  4
    79887:  165:}
    79887:  165-block  0
call    0 returned 79887
    $$$$$:  165-block  1
call    1 never executed
        -:  166:
        -:  167:/*
        -:  168:        ______________________________________________________
        -:  169:                     Multiplication Function
        -:  170:        ______________________________________________________
        -:  171:                      Algorithm Explanation
        -:  172:
        -:  173:        Like naive way of Multiplication. Traversing from the left of first string and multiplying
        -:  174:        each character as integer to every character of second String as integer and tracking the
        -:  175:        value of carry and adding to the last of each iterations.
        -:  176:
        -:  177:        Algorithmic Time Complexity : O(n*m)
        -:  178:        Algorithmic Space Complexity : O(n + m)
        -:  179:        where n ans m are the lengths of respective strings(Integers) provided.
        -:  180:*/
        -:  181:
function _ZN6bigint8multiplyENSt7__cxx1112basic_stringIcSt11char_traitsIcESaIcEEES5_ called 42386 returned 100% blocks executed 55%
    42386:  182:std::string bigint::multiply(std::string str1, std::string str2) {             // return arithmetic multiplication of str1*str2
    42386:  183:    bool toAddNeg = false;
    42386:  184:    int str1_len = str1.length();
    42386:  184-block  0
call    0 returned 42386
    42386:  185:    int str2_len = str2.length();
call    0 returned 42386
    42386:  186:    std::string ans = "";
call    0 returned 42386
call    1 returned 42386
branch  2 taken 42386 (fallthrough)
branch  3 taken 0 (throw)
    $$$$$:  186-block  0
   42386*:  187:    if(str1[0] == '-' && str2[0] == '-') {
call    0 returned 42386
branch  1 taken 42386 (fallthrough)
branch  2 taken 0 (throw)
    42386:  187-block  0
branch  3 taken 0 (fallthrough)
branch  4 taken 42386
    %%%%%:  187-block  1
call    5 never executed
branch  6 never executed
branch  7 never executed
    %%%%%:  187-block  2
branch  8 never executed
branch  9 never executed
    %%%%%:  187-block  3
    42386:  187-block  4
    42386:  187-block  5
branch 10 taken 0 (fallthrough)
branch 11 taken 42386
    #####:  188:        ans = multiply(str1.erase(0, 1), str2.erase(0, 1));
    %%%%%:  188-block  0
call    0 never executed
branch  1 never executed
branch  2 never executed
    %%%%%:  188-block  1
call    3 never executed
branch  4 never executed
branch  5 never executed
    %%%%%:  188-block  2
call    6 never executed
branch  7 never executed
branch  8 never executed
    %%%%%:  188-block  3
call    9 never executed
branch 10 never executed
branch 11 never executed
    %%%%%:  188-block  4
call   12 never executed
branch 13 never executed
branch 14 never executed
    %%%%%:  188-block  5
call   15 never executed
call   16 never executed
call   17 never executed
call   18 never executed
    $$$$$:  188-block  6
call   19 never executed
    $$$$$:  188-block  7
    $$$$$:  188-block  8
call   20 never executed
    $$$$$:  188-block  9
    42386:  189:    } else if(str1[0] == '-') {
    42386:  189-block  0
call    0 returned 42386
branch  1 taken 42386 (fallthrough)
branch  2 taken 0 (throw)
    42386:  189-block  1
branch  3 taken 0 (fallthrough)
branch  4 taken 42386
    #####:  190:        toAddNeg = true;
    #####:  191:        ans = multiply(str1.erase(0, 1), str2);
    %%%%%:  191-block  0
call    0 never executed
branch  1 never executed
branch  2 never executed
    %%%%%:  191-block  1
call    3 never executed
branch  4 never executed
branch  5 never executed
    %%%%%:  191-block  2
call    6 never executed
branch  7 never executed
branch  8 never executed
    %%%%%:  191-block  3
call    9 never executed
branch 10 never executed
branch 11 never executed
    %%%%%:  191-block  4
call   12 never executed
call   13 never executed
call   14 never executed
call   15 never executed
    $$$$$:  191-block  5
call   16 never executed
    $$$$$:  191-block  6
    $$$$$:  191-block  7
call   17 never executed
    $$$$$:  191-block  8
    42386:  192:    } else if(str2[0] == '-') {
    42386:  192-block  0
call    0 returned 42386
branch  1 taken 42386 (fallthrough)
branch  2 taken 0 (throw)
    42386:  192-block  1
branch  3 taken 2737 (fallthrough)
branch  4 taken 39649
     2737:  193:        toAddNeg = true;
     2737:  194:        ans = multiply(str1, str2.erase(0, 1));
     2737:  194-block  0
call    0 returned 2737
branch  1 taken 2737 (fallthrough)
branch  2 taken 0 (throw)
     2737:  194-block  1
call    3 returned 2737
branch  4 taken 2737 (fallthrough)
branch  5 taken 0 (throw)
     2737:  194-block  2
call    6 returned 2737
branch  7 taken 2737 (fallthrough)
branch  8 taken 0 (throw)
     2737:  194-block  3
call    9 returned 2737
branch 10 taken 2737 (fallthrough)
branch 11 taken 0 (throw)
     2737:  194-block  4
call   12 returned 2737
call   13 returned 2737
call   14 returned 2737
call   15 returned 2737
    $$$$$:  194-block  5
call   16 never executed
    $$$$$:  194-block  6
    $$$$$:  194-block  7
call   17 never executed
    $$$$$:  194-block  8
        -:  195:    } else {
    39649:  196:        if (str1_len == 0 || str2_len == 0)
    39649:  196-block  0
branch  0 taken 39649 (fallthrough)
branch  1 taken 0
    39649:  196-block  1
branch  2 taken 0 (fallthrough)
branch  3 taken 39649
    #####:  197:            return "0";
    %%%%%:  197-block  0
call    0 never executed
call    1 never executed
branch  2 never executed
branch  3 never executed
    %%%%%:  197-block  1
call    4 never executed
    $$$$$:  197-block  2
call    5 never executed
    $$$$$:  197-block  3
    39649:  198:        std::vector<int> result(str1_len + str2_len, 0);
    39649:  198-block  0
call    0 returned 39649
call    1 returned 39649
branch  2 taken 39649 (fallthrough)
branch  3 taken 0 (throw)
    39649:  198-block  1
call    4 returned 39649
    $$$$$:  198-block  2
    $$$$$:  198-block  3
    39649:  199:        int i_n1 = 0;
    39649:  200:        int i_n2 = 0;
    90639:  201:        for (int i=str1_len-1; i>=0; i--) {
    90639:  201-block  0
branch  0 taken 50990
branch  1 taken 39649 (fallthrough)
    50990:  202:            int carry = 0;
    50990:  203:            int n1 = str1[i] - '0';
    50990:  203-block  0
call    0 returned 50990
branch  1 taken 50990 (fallthrough)
branch  2 taken 0 (throw)
    50990:  204:            i_n2 = 0;
   101980:  205:            for (int j=str2_len-1; j>=0; j--) {
    50990:  205-block  0
   101980:  205-block  1
branch  0 taken 50990
branch  1 taken 50990 (fallthrough)
    50990:  206:                int n2 = str2[j] - '0';
    50990:  206-block  0
call    0 returned 50990
branch  1 taken 50990 (fallthrough)
branch  2 taken 0 (throw)
    50990:  207:                int sum = n1*n2 + result[i_n1 + i_n2] + carry;
    50990:  207-block  0
call    0 returned 50990
    50990:  208:                carry = sum/10;
    50990:  209:                result[i_n1 + i_n2] = sum % 10;
call    0 returned 50990
    50990:  210:                i_n2++;
        -:  211:            }
    50990:  212:            if (carry > 0)
    50990:  212-block  0
branch  0 taken 14052 (fallthrough)
branch  1 taken 36938
    14052:  213:                result[i_n1 + i_n2] += carry;
    14052:  213-block  0
call    0 returned 14052
    50990:  214:            i_n1++;
    50990:  214-block  0
        -:  215:        }
    39649:  216:        int i = result.size() - 1;
    39649:  216-block  0
call    0 returned 39649
    70660:  217:        while (i>=0 && result[i] == 0)
    70660:  217-block  0
branch  0 taken 70552 (fallthrough)
branch  1 taken 108
    70552:  217-block  1
call    2 returned 70552
branch  3 taken 31011 (fallthrough)
branch  4 taken 39541
    31011:  217-block  2
    39649:  217-block  3
    70660:  217-block  4
branch  5 taken 31011
branch  6 taken 39649 (fallthrough)
    31011:  218:            i--;
    31011:  218-block  0
    39649:  219:        if (i == -1)
    39649:  219-block  0
branch  0 taken 108 (fallthrough)
branch  1 taken 39541
      108:  220:            return "0";
      108:  220-block  0
call    0 returned 108
call    1 returned 108
branch  2 taken 108 (fallthrough)
branch  3 taken 0 (throw)
      108:  220-block  1
call    4 returned 108
    $$$$$:  220-block  2
call    5 never executed
    $$$$$:  220-block  3
    99169:  221:        while (i >= 0)
    39541:  221-block  0
    99169:  221-block  1
branch  0 taken 59628
branch  1 taken 39541 (fallthrough)
    59628:  222:            ans += std::to_string(result[i--]);
    59628:  222-block  0
call    0 returned 59628
call    1 returned 59628
branch  2 taken 59628 (fallthrough)
branch  3 taken 0 (throw)
    59628:  222-block  1
call    4 returned 59628
branch  5 taken 59628 (fallthrough)
branch  6 taken 0 (throw)
    59628:  222-block  2
call    7 returned 59628
    $$$$$:  222-block  3
call    8 never executed
    $$$$$:  222-block  4
    39649:  223:    }
    39541:  223-block  0
    39649:  223-block  1
call    0 returned 39649
branch  1 taken 39541 (fallthrough)
branch  2 taken 108
    $$$$$:  223-block  2
call    3 never executed
    42278:  224:    if(toAddNeg && ans[0]!='0') {
    42278:  224-block  0
branch  0 taken 2737 (fallthrough)
branch  1 taken 39541
     2737:  224-block  1
call    2 returned 2737
branch  3 taken 2737 (fallthrough)
branch  4 taken 0 (throw)
     2737:  224-block  2
branch  5 taken 2629 (fallthrough)
branch  6 taken 108
     2629:  224-block  3
    39649:  224-block  4
    42278:  224-block  5
branch  7 taken 2629 (fallthrough)
branch  8 taken 39649
     2629:  225:        ans = '-' + ans;
     2629:  225-block  0
call    0 returned 2629
branch  1 taken 2629 (fallthrough)
branch  2 taken 0 (throw)
     2629:  225-block  1
call    3 returned 2629
call    4 returned 2629
        -:  226:    }
    42278:  227:    return ans;
    42278:  227-block  0
call    0 returned 42278
    42386:  228:}
    42386:  228-block  0
call    0 returned 42386
    $$$$$:  228-block  1
call    1 never executed
        -:  229:
        -:  230:
        -:  231:/*
        -:  232:        ______________________________________________________
        -:  233:                        Division Function
        -:  234:        ______________________________________________________
        -:  235:                      Algorithm Explanation
        -:  236:
        -:  237:        The divisor increases iteratively till it reaches the Dividend. For fast reaching, a
        -:  238:        pre-determined limit is calculated depending upon the length difference of divisor
        -:  239:        and divident=d, and power of 10 is calculated for length of answer precision. Further simple
        -:  240:        addition is done till it reaches dividend.
        -:  241:
        -:  242:        If the divisior can be strored in primitive type of Int. :
        -:  243:        As the dividend and result can be very large we store them in string. We first take
        -:  244:        digits which are divisible by number. After this take each digit and store result in string.
        -:  245:
        -:  246:        Algorithmic Time Complexity : O(log(val. of divisor))  , if divisor can be stored as primitive type
        -:  247:        Algorithmic Time Complexity : O((10^(len. diff.)) log(val. of divisor))
        -:  248:        Algorithmic Space Complexity : O(log(n-m))
        -:  249:        where n ans m are the lengths of respective strings(Integers) provided.
        -:  250:*/
        -:  251:
function _ZN6bigint6divideENSt7__cxx1112basic_stringIcSt11char_traitsIcESaIcEEES5_ called 0 returned 0% blocks executed 0%
    #####:  252:std::string bigint::divide(std::string str1, std::string str2) {                   // return arithmetic division of str1/str2
    #####:  253:    std::string ans = "";
    %%%%%:  253-block  0
call    0 never executed
call    1 never executed
branch  2 never executed
branch  3 never executed
    $$$$$:  253-block  1
    #####:  254:    if(str2 == "0") {
call    0 never executed
branch  1 never executed
branch  2 never executed
    #####:  255:        return "0";
    %%%%%:  255-block  0
call    0 never executed
call    1 never executed
branch  2 never executed
branch  3 never executed
    %%%%%:  255-block  1
call    4 never executed
    $$$$$:  255-block  2
call    5 never executed
    $$$$$:  255-block  3
    #####:  256:    } else if(str1 == str2) {
    %%%%%:  256-block  0
call    0 never executed
branch  1 never executed
branch  2 never executed
    #####:  257:        return "1";
    %%%%%:  257-block  0
call    0 never executed
call    1 never executed
branch  2 never executed
branch  3 never executed
    %%%%%:  257-block  1
call    4 never executed
    $$$$$:  257-block  2
call    5 never executed
    $$$$$:  257-block  3
    #####:  258:    } else if(str1[0] == '-' && str2[0] == '-') {
    %%%%%:  258-block  0
call    0 never executed
branch  1 never executed
branch  2 never executed
    %%%%%:  258-block  1
branch  3 never executed
branch  4 never executed
    %%%%%:  258-block  2
call    5 never executed
branch  6 never executed
branch  7 never executed
    %%%%%:  258-block  3
branch  8 never executed
branch  9 never executed
    %%%%%:  258-block  4
    %%%%%:  258-block  5
    %%%%%:  258-block  6
branch 10 never executed
branch 11 never executed
    #####:  259:        ans = divide(str1.erase(0, 1), str2.erase(0, 1));
    %%%%%:  259-block  0
call    0 never executed
branch  1 never executed
branch  2 never executed
    %%%%%:  259-block  1
call    3 never executed
branch  4 never executed
branch  5 never executed
    %%%%%:  259-block  2
call    6 never executed
branch  7 never executed
branch  8 never executed
    %%%%%:  259-block  3
call    9 never executed
branch 10 never executed
branch 11 never executed
    %%%%%:  259-block  4
call   12 never executed
branch 13 never executed
branch 14 never executed
    %%%%%:  259-block  5
call   15 never executed
call   16 never executed
call   17 never executed
call   18 never executed
    $$$$$:  259-block  6
call   19 never executed
    $$$$$:  259-block  7
    $$$$$:  259-block  8
call   20 never executed
    $$$$$:  259-block  9
    #####:  260:    } else if(str1[0] == '-') {
    %%%%%:  260-block  0
call    0 never executed
branch  1 never executed
branch  2 never executed
    %%%%%:  260-block  1
branch  3 never executed
branch  4 never executed
    #####:  261:        std::string temp = divide(str1.erase(0, 1), str2);
    %%%%%:  261-block  0
call    0 never executed
branch  1 never executed
branch  2 never executed
    %%%%%:  261-block  1
call    3 never executed
branch  4 never executed
branch  5 never executed
    %%%%%:  261-block  2
call    6 never executed
branch  7 never executed
branch  8 never executed
    %%%%%:  261-block  3
call    9 never executed
branch 10 never executed
branch 11 never executed
call   12 never executed
    $$$$$:  261-block  4
    $$$$$:  261-block  5
    #####:  262:        if(temp == "0")
call    0 never executed
branch  1 never executed
branch  2 never executed
    #####:  263:            ans = temp;
    %%%%%:  263-block  0
call    0 never executed
branch  1 never executed
branch  2 never executed
        -:  264:        else
    #####:  265:            ans = '-' + temp;
    %%%%%:  265-block  0
call    0 never executed
branch  1 never executed
branch  2 never executed
    %%%%%:  265-block  1
call    3 never executed
call    4 never executed
    #####:  266:    } else if(str2[0] == '-') {
    %%%%%:  266-block  0
call    0 never executed
    %%%%%:  266-block  1
call    1 never executed
branch  2 never executed
branch  3 never executed
    %%%%%:  266-block  2
branch  4 never executed
branch  5 never executed
    $$$$$:  266-block  3
call    6 never executed
    #####:  267:        std::string temp = divide(str1, str2.erase(0, 1));
    %%%%%:  267-block  0
call    0 never executed
branch  1 never executed
branch  2 never executed
    %%%%%:  267-block  1
call    3 never executed
branch  4 never executed
branch  5 never executed
    %%%%%:  267-block  2
call    6 never executed
branch  7 never executed
branch  8 never executed
    %%%%%:  267-block  3
call    9 never executed
branch 10 never executed
branch 11 never executed
call   12 never executed
    $$$$$:  267-block  4
    $$$$$:  267-block  5
    #####:  268:        if(temp == "0")
call    0 never executed
branch  1 never executed
branch  2 never executed
    #####:  269:            ans = temp;
    %%%%%:  269-block  0
call    0 never executed
branch  1 never executed
branch  2 never executed
        -:  270:        else
    #####:  271:            ans = '-' + temp;
    %%%%%:  271-block  0
call    0 never executed
branch  1 never executed
branch  2 never executed
    %%%%%:  271-block  1
call    3 never executed
call    4 never executed
    #####:  272:    } else {
    %%%%%:  272-block  0
call    0 never executed
    $$$$$:  272-block  1
call    1 never executed
    #####:  273:        if(str2 == "1")
    %%%%%:  273-block  0
call    0 never executed
branch  1 never executed
branch  2 never executed
    #####:  274:            return str1;
    %%%%%:  274-block  0
call    0 never executed
    #####:  275:        if(is_strictlyMaximum(str2, str1)) {
    %%%%%:  275-block  0
call    0 never executed
branch  1 never executed
branch  2 never executed
    %%%%%:  275-block  1
call    3 never executed
branch  4 never executed
branch  5 never executed
    %%%%%:  275-block  2
call    6 never executed
branch  7 never executed
branch  8 never executed
    %%%%%:  275-block  3
call    9 never executed
call   10 never executed
branch 11 never executed
branch 12 never executed
    $$$$$:  275-block  4
call   13 never executed
    $$$$$:  275-block  5
    $$$$$:  275-block  6
call   14 never executed
    $$$$$:  275-block  7
    #####:  276:            return "0";
    %%%%%:  276-block  0
call    0 never executed
call    1 never executed
branch  2 never executed
branch  3 never executed
    %%%%%:  276-block  1
call    4 never executed
    $$$$$:  276-block  2
call    5 never executed
    $$$$$:  276-block  3
        -:  277:        }
    #####:  278:        if(str2.length() <= 19) {
    %%%%%:  278-block  0
call    0 never executed
branch  1 never executed
branch  2 never executed
    #####:  279:            std::stringstream strstrm(str2);
    %%%%%:  279-block  0
call    0 never executed
call    1 never executed
branch  2 never executed
branch  3 never executed
    #####:  280:            unsigned long long int int_str2 = 0;
    #####:  281:            strstrm >> int_str2;
    %%%%%:  281-block  0
call    0 never executed
branch  1 never executed
branch  2 never executed
    #####:  282:            ans = shortDivide(str1, int_str2);
    %%%%%:  282-block  0
call    0 never executed
branch  1 never executed
branch  2 never executed
    %%%%%:  282-block  1
call    3 never executed
branch  4 never executed
branch  5 never executed
    %%%%%:  282-block  2
call    6 never executed
call    7 never executed
call    8 never executed
    $$$$$:  282-block  3
call    9 never executed
    $$$$$:  282-block  4
    #####:  283:        }
call    0 never executed
    $$$$$:  283-block  0
call    1 never executed
        -:  284:        else {
    #####:  285:            std::string temp = str2;
    %%%%%:  285-block  0
call    0 never executed
branch  1 never executed
branch  2 never executed
    #####:  286:            ans = "0";
    %%%%%:  286-block  0
call    0 never executed
branch  1 never executed
branch  2 never executed
    #####:  287:            std::string count = "0";
    %%%%%:  287-block  0
call    0 never executed
call    1 never executed
branch  2 never executed
branch  3 never executed
    $$$$$:  287-block  1
    #####:  288:            while(str1 == maximum(str1, str2)) {
    %%%%%:  288-block  0
call    0 never executed
branch  1 never executed
branch  2 never executed
    %%%%%:  288-block  1
call    3 never executed
branch  4 never executed
branch  5 never executed
    %%%%%:  288-block  2
call    6 never executed
branch  7 never executed
branch  8 never executed
    %%%%%:  288-block  3
call    9 never executed
call   10 never executed
call   11 never executed
call   12 never executed
branch 13 never executed
branch 14 never executed
    $$$$$:  288-block  4
call   15 never executed
    $$$$$:  288-block  5
    $$$$$:  288-block  6
call   16 never executed
    $$$$$:  288-block  7
    #####:  289:                int lenDiff = str1.length() - str2.length();
    %%%%%:  289-block  0
call    0 never executed
call    1 never executed
    #####:  290:                if(lenDiff > 0 && str1[0] > str2[0]) {
branch  0 never executed
branch  1 never executed
    %%%%%:  290-block  0
call    2 never executed
branch  3 never executed
branch  4 never executed
    %%%%%:  290-block  1
call    5 never executed
branch  6 never executed
branch  7 never executed
    %%%%%:  290-block  2
branch  8 never executed
branch  9 never executed
    %%%%%:  290-block  3
    %%%%%:  290-block  4
    %%%%%:  290-block  5
branch 10 never executed
branch 11 never executed
    #####:  291:                    count = add(count, pow("10", std::to_string(lenDiff)));
    %%%%%:  291-block  0
call    0 never executed
branch  1 never executed
branch  2 never executed
    %%%%%:  291-block  1
call    3 never executed
call    4 never executed
branch  5 never executed
branch  6 never executed
    %%%%%:  291-block  2
call    7 never executed
branch  8 never executed
branch  9 never executed
    %%%%%:  291-block  3
call   10 never executed
branch 11 never executed
branch 12 never executed
    %%%%%:  291-block  4
call   13 never executed
branch 14 never executed
branch 15 never executed
    %%%%%:  291-block  5
call   16 never executed
call   17 never executed
call   18 never executed
call   19 never executed
call   20 never executed
call   21 never executed
call   22 never executed
    $$$$$:  291-block  6
call   23 never executed
    $$$$$:  291-block  7
    $$$$$:  291-block  8
call   24 never executed
    $$$$$:  291-block  9
    $$$$$:  291-block 10
call   25 never executed
    $$$$$:  291-block 11
    $$$$$:  291-block 12
call   26 never executed
    $$$$$:  291-block 13
    $$$$$:  291-block 14
call   27 never executed
    $$$$$:  291-block 15
    #####:  292:                    str1 = subtract(str1, multiply(str2, pow("10", std::to_string(lenDiff))));
call    0 never executed
branch  1 never executed
branch  2 never executed
    %%%%%:  292-block  0
call    3 never executed
call    4 never executed
branch  5 never executed
branch  6 never executed
    %%%%%:  292-block  1
call    7 never executed
branch  8 never executed
branch  9 never executed
    %%%%%:  292-block  2
call   10 never executed
branch 11 never executed
branch 12 never executed
    %%%%%:  292-block  3
call   13 never executed
branch 14 never executed
branch 15 never executed
    %%%%%:  292-block  4
call   16 never executed
branch 17 never executed
branch 18 never executed
    %%%%%:  292-block  5
call   19 never executed
branch 20 never executed
branch 21 never executed
    %%%%%:  292-block  6
call   22 never executed
call   23 never executed
call   24 never executed
call   25 never executed
call   26 never executed
call   27 never executed
call   28 never executed
call   29 never executed
call   30 never executed
    $$$$$:  292-block  7
call   31 never executed
    $$$$$:  292-block  8
    $$$$$:  292-block  9
call   32 never executed
    $$$$$:  292-block 10
    $$$$$:  292-block 11
call   33 never executed
    $$$$$:  292-block 12
    $$$$$:  292-block 13
call   34 never executed
    $$$$$:  292-block 14
    $$$$$:  292-block 15
call   35 never executed
    $$$$$:  292-block 16
    $$$$$:  292-block 17
call   36 never executed
    $$$$$:  292-block 18
    $$$$$:  292-block 19
call   37 never executed
    $$$$$:  292-block 20
    #####:  293:                } else if(lenDiff > 0) {
    %%%%%:  293-block  0
branch  0 never executed
branch  1 never executed
    #####:  294:                    count = add(count, pow("10", std::to_string(lenDiff-1)));
    %%%%%:  294-block  0
call    0 never executed
branch  1 never executed
branch  2 never executed
    %%%%%:  294-block  1
call    3 never executed
call    4 never executed
branch  5 never executed
branch  6 never executed
    %%%%%:  294-block  2
call    7 never executed
branch  8 never executed
branch  9 never executed
    %%%%%:  294-block  3
call   10 never executed
branch 11 never executed
branch 12 never executed
    %%%%%:  294-block  4
call   13 never executed
branch 14 never executed
branch 15 never executed
    %%%%%:  294-block  5
call   16 never executed
call   17 never executed
call   18 never executed
call   19 never executed
call   20 never executed
call   21 never executed
call   22 never executed
    $$$$$:  294-block  6
call   23 never executed
    $$$$$:  294-block  7
    $$$$$:  294-block  8
call   24 never executed
    $$$$$:  294-block  9
    $$$$$:  294-block 10
call   25 never executed
    $$$$$:  294-block 11
    $$$$$:  294-block 12
call   26 never executed
    $$$$$:  294-block 13
    $$$$$:  294-block 14
call   27 never executed
    $$$$$:  294-block 15
    #####:  295:                    str1 = subtract(str1, multiply(str2, pow("10", std::to_string(lenDiff-1))));
call    0 never executed
branch  1 never executed
branch  2 never executed
    %%%%%:  295-block  0
call    3 never executed
call    4 never executed
branch  5 never executed
branch  6 never executed
    %%%%%:  295-block  1
call    7 never executed
branch  8 never executed
branch  9 never executed
    %%%%%:  295-block  2
call   10 never executed
branch 11 never executed
branch 12 never executed
    %%%%%:  295-block  3
call   13 never executed
branch 14 never executed
branch 15 never executed
    %%%%%:  295-block  4
call   16 never executed
branch 17 never executed
branch 18 never executed
    %%%%%:  295-block  5
call   19 never executed
branch 20 never executed
branch 21 never executed
    %%%%%:  295-block  6
call   22 never executed
call   23 never executed
call   24 never executed
call   25 never executed
call   26 never executed
call   27 never executed
call   28 never executed
call   29 never executed
call   30 never executed
    $$$$$:  295-block  7
call   31 never executed
    $$$$$:  295-block  8
    $$$$$:  295-block  9
call   32 never executed
    $$$$$:  295-block 10
    $$$$$:  295-block 11
call   33 never executed
    $$$$$:  295-block 12
    $$$$$:  295-block 13
call   34 never executed
    $$$$$:  295-block 14
    $$$$$:  295-block 15
call   35 never executed
    $$$$$:  295-block 16
    $$$$$:  295-block 17
call   36 never executed
    $$$$$:  295-block 18
    $$$$$:  295-block 19
call   37 never executed
    $$$$$:  295-block 20
        -:  296:                } else {
    #####:  297:                    count = add(count, "1");
    %%%%%:  297-block  0
call    0 never executed
call    1 never executed
branch  2 never executed
branch  3 never executed
    %%%%%:  297-block  1
call    4 never executed
branch  5 never executed
branch  6 never executed
    %%%%%:  297-block  2
call    7 never executed
branch  8 never executed
branch  9 never executed
    %%%%%:  297-block  3
call   10 never executed
call   11 never executed
call   12 never executed
call   13 never executed
call   14 never executed
    $$$$$:  297-block  4
call   15 never executed
    $$$$$:  297-block  5
    $$$$$:  297-block  6
call   16 never executed
    $$$$$:  297-block  7
    $$$$$:  297-block  8
call   17 never executed
    $$$$$:  297-block  9
    #####:  298:                    str1 = subtract(str1, str2);
call    0 never executed
branch  1 never executed
branch  2 never executed
    %%%%%:  298-block  0
call    3 never executed
branch  4 never executed
branch  5 never executed
    %%%%%:  298-block  1
call    6 never executed
branch  7 never executed
branch  8 never executed
    %%%%%:  298-block  2
call    9 never executed
call   10 never executed
call   11 never executed
call   12 never executed
    $$$$$:  298-block  3
call   13 never executed
    $$$$$:  298-block  4
    $$$$$:  298-block  5
call   14 never executed
    $$$$$:  298-block  6
        -:  299:                }
        -:  300:            }
    #####:  301:            ans = count;
    %%%%%:  301-block  0
call    0 never executed
branch  1 never executed
branch  2 never executed
    #####:  302:        }
    %%%%%:  302-block  0
call    0 never executed
call    1 never executed
    $$$$$:  302-block  1
call    2 never executed
    $$$$$:  302-block  2
call    3 never executed
        -:  303:    }
    #####:  304:    return ans;
    %%%%%:  304-block  0
call    0 never executed
    #####:  305:}
    %%%%%:  305-block  0
call    0 never executed
    $$$$$:  305-block  1
call    1 never executed
        -:  306:
function _ZN6bigint11shortDivideENSt7__cxx1112basic_stringIcSt11char_traitsIcESaIcEEEy called 0 returned 0% blocks executed 0%
    #####:  307:std::string bigint::shortDivide(std::string s1, unsigned long long int divisor) {     // return arithmetic division of str1/str2
    #####:  308:    std::string ans;
    %%%%%:  308-block  0
call    0 never executed
    #####:  309:    int idx = 0;
    #####:  310:    long long int temp = s1[idx] - '0';
call    0 never executed
branch  1 never executed
branch  2 never executed
        -:  311:
    #####:  312:    while (temp < divisor) {
    %%%%%:  312-block  0
    %%%%%:  312-block  1
branch  0 never executed
branch  1 never executed
    #####:  313:        temp = temp*10 + (s1[++idx] - '0');
    %%%%%:  313-block  0
call    0 never executed
branch  1 never executed
branch  2 never executed
    #####:  314:        if(idx >= s1.length())
    %%%%%:  314-block  0
call    0 never executed
branch  1 never executed
branch  2 never executed
    #####:  315:            break;
    %%%%%:  315-block  0
        -:  316:    }
    #####:  317:    while (s1.length() > idx) {
    %%%%%:  317-block  0
    %%%%%:  317-block  1
call    0 never executed
branch  1 never executed
branch  2 never executed
    #####:  318:        ans += (temp / divisor) + '0';
    %%%%%:  318-block  0
call    0 never executed
branch  1 never executed
branch  2 never executed
    #####:  319:        temp = (temp % divisor)*10 + s1[++idx] - '0';
    %%%%%:  319-block  0
call    0 never executed
branch  1 never executed
branch  2 never executed
    %%%%%:  319-block  1
        -:  320:    }
        -:  321:
    #####:  322:    if (ans.length() == 0)
    %%%%%:  322-block  0
call    0 never executed
branch  1 never executed
branch  2 never executed
    #####:  323:        return "0";
    %%%%%:  323-block  0
call    0 never executed
call    1 never executed
branch  2 never executed
branch  3 never executed
    %%%%%:  323-block  1
call    4 never executed
    $$$$$:  323-block  2
call    5 never executed
    $$$$$:  323-block  3
        -:  324:
    #####:  325:    return ans;
    %%%%%:  325-block  0
call    0 never executed
    #####:  326:}
    %%%%%:  326-block  0
call    0 never executed
    $$$$$:  326-block  1
call    1 never executed
        -:  327:
function _ZN6bigint3modENSt7__cxx1112basic_stringIcSt11char_traitsIcESaIcEEES5_ called 0 returned 0% blocks executed 0%
    #####:  328:std::string bigint::mod(std::string str1, std::string str2) {                  // return arithmetic modulos of str1%str2
    #####:  329:    std::string ans = subtract(str1, multiply(divide(str1, str2), str2));
    %%%%%:  329-block  0
call    0 never executed
call    1 never executed
branch  2 never executed
branch  3 never executed
    %%%%%:  329-block  1
call    4 never executed
branch  5 never executed
branch  6 never executed
    %%%%%:  329-block  2
call    7 never executed
branch  8 never executed
branch  9 never executed
    %%%%%:  329-block  3
call   10 never executed
branch 11 never executed
branch 12 never executed
    %%%%%:  329-block  4
call   13 never executed
branch 14 never executed
branch 15 never executed
    %%%%%:  329-block  5
call   16 never executed
branch 17 never executed
branch 18 never executed
call   19 never executed
call   20 never executed
call   21 never executed
call   22 never executed
call   23 never executed
    $$$$$:  329-block  6
    $$$$$:  329-block  7
    $$$$$:  329-block  8
    $$$$$:  329-block  9
    $$$$$:  329-block 10
    #####:  330:    return ans;
    %%%%%:  330-block  0
        -:  331:}
        -:  332:
        -:  333:
function _ZN6bigint7maximumENSt7__cxx1112basic_stringIcSt11char_traitsIcESaIcEEES5_ called 55909 returned 100% blocks executed 42%
    55909:  334:std::string bigint::maximum(std::string str1, std::string str2) {              // return maximum of both strings.
    55909:  335:    std::string max = "";
    55909:  335-block  0
call    0 returned 55909
call    1 returned 55909
branch  2 taken 55909 (fallthrough)
branch  3 taken 0 (throw)
    $$$$$:  335-block  1
    55909:  336:    bool bothNeg = false;
    55909:  337:    bool isMax1 = false;
    55909:  338:    bool isMax2 = false;
   55909*:  339:    if(str1[0] == '-' && str2[0] == '-') {
call    0 returned 55909
branch  1 taken 55909 (fallthrough)
branch  2 taken 0 (throw)
    55909:  339-block  0
branch  3 taken 0 (fallthrough)
branch  4 taken 55909
    %%%%%:  339-block  1
call    5 never executed
branch  6 never executed
branch  7 never executed
    %%%%%:  339-block  2
branch  8 never executed
branch  9 never executed
    %%%%%:  339-block  3
    55909:  339-block  4
    55909:  339-block  5
branch 10 taken 0 (fallthrough)
branch 11 taken 55909
    #####:  340:        bothNeg = true;
    #####:  341:        str1.erase(0, 1);
    %%%%%:  341-block  0
call    0 never executed
branch  1 never executed
branch  2 never executed
    #####:  342:        str2.erase(0, 1);
    %%%%%:  342-block  0
call    0 never executed
branch  1 never executed
branch  2 never executed
    55909:  343:    } else if(str1[0] == '-') {
    55909:  343-block  0
call    0 returned 55909
branch  1 taken 55909 (fallthrough)
branch  2 taken 0 (throw)
    55909:  343-block  1
branch  3 taken 0 (fallthrough)
branch  4 taken 55909
    #####:  344:        return trim(str2);
    %%%%%:  344-block  0
call    0 never executed
branch  1 never executed
branch  2 never executed
    %%%%%:  344-block  1
call    3 never executed
branch  4 never executed
branch  5 never executed
    %%%%%:  344-block  2
call    6 never executed
    $$$$$:  344-block  3
call    7 never executed
    $$$$$:  344-block  4
    55909:  345:    } else if(str2[0] == '-') {
    55909:  345-block  0
call    0 returned 55909
branch  1 taken 55909 (fallthrough)
branch  2 taken 0 (throw)
    55909:  345-block  1
branch  3 taken 0 (fallthrough)
branch  4 taken 55909
    #####:  346:        return trim(str1);
    %%%%%:  346-block  0
call    0 never executed
branch  1 never executed
branch  2 never executed
    %%%%%:  346-block  1
call    3 never executed
branch  4 never executed
branch  5 never executed
    %%%%%:  346-block  2
call    6 never executed
    $$$$$:  346-block  3
call    7 never executed
    $$$$$:  346-block  4
        -:  347:    }
    55909:  348:    int str1_len = str1.length(), str2_len = str2.length();
    55909:  348-block  0
call    0 returned 55909
call    1 returned 55909
    55909:  349:    if(str1_len == str2_len) {
branch  0 taken 55595 (fallthrough)
branch  1 taken 314
    63636:  350:        for(int i = 0; i < str1_len; ++i) {
    55595:  350-block  0
     8041:  350-block  1
    63636:  350-block  2
branch  0 taken 63636
branch  1 taken 0 (fallthrough)
    63636:  351:            if(str1[i] != str2[i]) {
    63636:  351-block  0
call    0 returned 63636
branch  1 taken 63636 (fallthrough)
branch  2 taken 0 (throw)
    63636:  351-block  1
call    3 returned 63636
branch  4 taken 63636 (fallthrough)
branch  5 taken 0 (throw)
    63636:  351-block  2
branch  6 taken 55595 (fallthrough)
branch  7 taken 8041
    55595:  352:                if(str1[i] > str2[i]) {
    55595:  352-block  0
call    0 returned 55595
branch  1 taken 55595 (fallthrough)
branch  2 taken 0 (throw)
    55595:  352-block  1
call    3 returned 55595
branch  4 taken 55595 (fallthrough)
branch  5 taken 0 (throw)
    55595:  352-block  2
branch  6 taken 52111 (fallthrough)
branch  7 taken 3484
    52111:  353:                    isMax1 = true;
    52111:  353-block  0
        -:  354:                } else {
     3484:  355:                    isMax2 = true;
     3484:  355-block  0
        -:  356:                }
    55595:  357:                break;
    55595:  357-block  0
        -:  358:            }
        -:  359:        }
    55595:  360:        if(!(isMax2 ^ isMax1)) {
    55595:  360-block  0
branch  0 taken 0 (fallthrough)
branch  1 taken 55595
    #####:  361:            isMax1 = true;
    %%%%%:  361-block  0
        -:  362:        }
      314:  363:    } else if(str1_len > str2_len) {
      314:  363-block  0
branch  0 taken 314 (fallthrough)
branch  1 taken 0
      314:  364:        isMax1 = true;
      314:  364-block  0
        -:  365:    } else {
    #####:  366:        isMax2 = true;
    %%%%%:  366-block  0
        -:  367:    }
    55909:  368:    if(bothNeg) {
    55909:  368-block  0
branch  0 taken 0 (fallthrough)
branch  1 taken 55909
    #####:  369:        if(isMax1)
    %%%%%:  369-block  0
branch  0 never executed
branch  1 never executed
    #####:  370:            return ("-" + trim(str2));
    %%%%%:  370-block  0
call    0 never executed
branch  1 never executed
branch  2 never executed
    %%%%%:  370-block  1
call    3 never executed
branch  4 never executed
branch  5 never executed
    %%%%%:  370-block  2
call    6 never executed
branch  7 never executed
branch  8 never executed
    %%%%%:  370-block  3
call    9 never executed
call   10 never executed
    $$$$$:  370-block  4
call   11 never executed
    $$$$$:  370-block  5
    $$$$$:  370-block  6
call   12 never executed
    $$$$$:  370-block  7
        -:  371:        else
    #####:  372:            return ("-" + trim(str1));
    %%%%%:  372-block  0
call    0 never executed
branch  1 never executed
branch  2 never executed
    %%%%%:  372-block  1
call    3 never executed
branch  4 never executed
branch  5 never executed
    %%%%%:  372-block  2
call    6 never executed
branch  7 never executed
branch  8 never executed
    %%%%%:  372-block  3
call    9 never executed
call   10 never executed
    $$$$$:  372-block  4
call   11 never executed
    $$$$$:  372-block  5
    $$$$$:  372-block  6
call   12 never executed
    $$$$$:  372-block  7
        -:  373:    } else {
    55909:  374:        if(isMax1)
    55909:  374-block  0
branch  0 taken 52425 (fallthrough)
branch  1 taken 3484
    52425:  375:            return trim(str1);
    52425:  375-block  0
call    0 returned 52425
branch  1 taken 52425 (fallthrough)
branch  2 taken 0 (throw)
    52425:  375-block  1
call    3 returned 52425
branch  4 taken 52425 (fallthrough)
branch  5 taken 0 (throw)
    52425:  375-block  2
call    6 returned 52425
    $$$$$:  375-block  3
call    7 never executed
    $$$$$:  375-block  4
        -:  376:        else
     3484:  377:            return trim(str2);
     3484:  377-block  0
call    0 returned 3484
branch  1 taken 3484 (fallthrough)
branch  2 taken 0 (throw)
     3484:  377-block  1
call    3 returned 3484
branch  4 taken 3484 (fallthrough)
branch  5 taken 0 (throw)
     3484:  377-block  2
call    6 returned 3484
    $$$$$:  377-block  3
call    7 never executed
    $$$$$:  377-block  4
        -:  378:    }
    55909:  379:}
    55909:  379-block  0
call    0 returned 55909
    $$$$$:  379-block  1
call    1 never executed
        -:  380:
function _ZN6bigint7minimumENSt7__cxx1112basic_stringIcSt11char_traitsIcESaIcEEES5_ called 0 returned 0% blocks executed 0%
    #####:  381:std::string bigint::minimum(std::string str1, std::string str2) {              // return minimum of both strings.
    #####:  382:    std::string ans = maximum(str1, str2);
    %%%%%:  382-block  0
call    0 never executed
branch  1 never executed
branch  2 never executed
    %%%%%:  382-block  1
call    3 never executed
branch  4 never executed
branch  5 never executed
    %%%%%:  382-block  2
call    6 never executed
branch  7 never executed
branch  8 never executed
call    9 never executed
    $$$$$:  382-block  3
    $$$$$:  382-block  4
    #####:  383:    if(ans == str1)
call    0 never executed
branch  1 never executed
branch  2 never executed
    #####:  384:        return str2;
    %%%%%:  384-block  0
call    0 never executed
    #####:  385:    return str1;
    %%%%%:  385-block  0
call    0 never executed
    #####:  386:}
    %%%%%:  386-block  0
call    0 never executed
        -:  387:
function _ZN6bigint10is_maximumENSt7__cxx1112basic_stringIcSt11char_traitsIcESaIcEEES5_ called 0 returned 0% blocks executed 0%
    #####:  388:bool bigint::is_maximum(std::string str1, std::string str2) {             //checks if str1 >= str2, numerically
    #####:  389:    if(str1 == maximum(str1, str2))
    %%%%%:  389-block  0
call    0 never executed
call    1 never executed
branch  2 never executed
branch  3 never executed
    %%%%%:  389-block  1
call    4 never executed
branch  5 never executed
branch  6 never executed
    %%%%%:  389-block  2
call    7 never executed
call    8 never executed
call    9 never executed
call   10 never executed
branch 11 never executed
branch 12 never executed
    $$$$$:  389-block  3
call   13 never executed
    $$$$$:  389-block  4
    $$$$$:  389-block  5
call   14 never executed
    #####:  390:        return true;
    %%%%%:  390-block  0
    #####:  391:    return false;
    %%%%%:  391-block  0
        -:  392:}
        -:  393:
function _ZN6bigint10is_minimumENSt7__cxx1112basic_stringIcSt11char_traitsIcESaIcEEES5_ called 0 returned 0% blocks executed 0%
    #####:  394:bool bigint::is_minimum(std::string str1, std::string str2) {             //checks if str1 <= str2, numerically
    #####:  395:    if(str2 == maximum(str1, str2))
    %%%%%:  395-block  0
call    0 never executed
call    1 never executed
branch  2 never executed
branch  3 never executed
    %%%%%:  395-block  1
call    4 never executed
branch  5 never executed
branch  6 never executed
    %%%%%:  395-block  2
call    7 never executed
call    8 never executed
call    9 never executed
call   10 never executed
branch 11 never executed
branch 12 never executed
    $$$$$:  395-block  3
call   13 never executed
    $$$$$:  395-block  4
    $$$$$:  395-block  5
call   14 never executed
    #####:  396:        return true;
    %%%%%:  396-block  0
    #####:  397:    return false;
    %%%%%:  397-block  0
        -:  398:}
        -:  399:
function _ZN6bigint18is_strictlyMaximumENSt7__cxx1112basic_stringIcSt11char_traitsIcESaIcEEES5_ called 0 returned 0% blocks executed 0%
    #####:  400:bool bigint::is_strictlyMaximum(std::string str1, std::string str2) {    //checks if str1 > str2, numerically
    #####:  401:    if(str1 == str2)
    %%%%%:  401-block  0
call    0 never executed
branch  1 never executed
branch  2 never executed
    #####:  402:        return false;
    %%%%%:  402-block  0
    #####:  403:    if(str1 == maximum(str1, str2))
    %%%%%:  403-block  0
call    0 never executed
call    1 never executed
branch  2 never executed
branch  3 never executed
    %%%%%:  403-block  1
call    4 never executed
branch  5 never executed
branch  6 never executed
    %%%%%:  403-block  2
call    7 never executed
call    8 never executed
call    9 never executed
call   10 never executed
branch 11 never executed
branch 12 never executed
    $$$$$:  403-block  3
call   13 never executed
    $$$$$:  403-block  4
    $$$$$:  403-block  5
call   14 never executed
    #####:  404:        return true;
    %%%%%:  404-block  0
    #####:  405:    return false;
    %%%%%:  405-block  0
        -:  406:}
        -:  407:
function _ZN6bigint18is_strictlyMinimumENSt7__cxx1112basic_stringIcSt11char_traitsIcESaIcEEES5_ called 0 returned 0% blocks executed 0%
    #####:  408:bool bigint::is_strictlyMinimum(std::string str1, std::string str2) {    //checks if str1 < str2, numerically
    #####:  409:    if(str1 == str2)
    %%%%%:  409-block  0
call    0 never executed
branch  1 never executed
branch  2 never executed
    #####:  410:        return false;
    %%%%%:  410-block  0
    #####:  411:    if(str2 == maximum(str1, str2))
    %%%%%:  411-block  0
call    0 never executed
call    1 never executed
branch  2 never executed
branch  3 never executed
    %%%%%:  411-block  1
call    4 never executed
branch  5 never executed
branch  6 never executed
    %%%%%:  411-block  2
call    7 never executed
call    8 never executed
call    9 never executed
call   10 never executed
branch 11 never executed
branch 12 never executed
    $$$$$:  411-block  3
call   13 never executed
    $$$$$:  411-block  4
    $$$$$:  411-block  5
call   14 never executed
    #####:  412:        return true;
    %%%%%:  412-block  0
    #####:  413:    return false;
    %%%%%:  413-block  0
        -:  414:}
        -:  415:
function _ZN6bigint4trimENSt7__cxx1112basic_stringIcSt11char_traitsIcESaIcEEE called 170728 returned 100% blocks executed 95%
   170728:  416:std::string bigint::trim(std::string s) {                         // function to remove zeros
   170728:  417:    if(s == "0")
   170728:  417-block  0
call    0 returned 170728
branch  1 taken 422 (fallthrough)
branch  2 taken 170306
      422:  418:        return s;
      422:  418-block  0
call    0 returned 422
   170306:  419:    if(s[0] == '-') {
   170306:  419-block  0
call    0 returned 170306
branch  1 taken 24233 (fallthrough)
branch  2 taken 146073
    24233:  420:        int i = 1;
    24233:  421:        while(s[i] == '0') {
    24233:  421-block  0
    24233:  421-block  1
call    0 returned 24233
branch  1 taken 0
branch  2 taken 24233 (fallthrough)
    #####:  422:            s.erase(i, 1);
    %%%%%:  422-block  0
call    0 never executed
        -:  423:        }
    24233:  424:        return s;
    24233:  424-block  0
call    0 returned 24233
   146073:  425:    } else if(s[0] == '0') {
   146073:  425-block  0
call    0 returned 146073
branch  1 taken 7959 (fallthrough)
branch  2 taken 138114
     7959:  426:        int i = 0;
    17894:  427:        while(s[i] == '0') {
     7959:  427-block  0
    17894:  427-block  1
call    0 returned 17894
branch  1 taken 9935
branch  2 taken 7959 (fallthrough)
     9935:  428:            s.erase(i, 1);
     9935:  428-block  0
call    0 returned 9935
        -:  429:        }
     7959:  430:        return s;
     7959:  430-block  0
call    0 returned 7959
        -:  431:    }
   138114:  432:    return s;
   138114:  432-block  0
call    0 returned 138114
        -:  433:}
        -:  434:
        -:  435:
        -:  436://____________________________________________________________________________________________
        -:  437:
        -:  438:
        -:  439:
function _ZN6bigint3absENSt7__cxx1112basic_stringIcSt11char_traitsIcESaIcEEE called 0 returned 0% blocks executed 0%
    #####:  440:std::string bigint::abs(std::string s) {                          // returns absolute value of string
    #####:  441:    if(s[0] == '-')
    %%%%%:  441-block  0
call    0 never executed
branch  1 never executed
branch  2 never executed
    #####:  442:        s.erase(0, 1);
    %%%%%:  442-block  0
call    0 never executed
    #####:  443:    return s;
    %%%%%:  443-block  0
call    0 never executed
        -:  444:}
        -:  445:
        -:  446:
        -:  447:/*
        -:  448:        ______________________________________________________
        -:  449:                        Power Function
        -:  450:        ______________________________________________________
        -:  451:                      Algorithm Explanation
        -:  452:
        -:  453:        It multiplies str1, str2 times and updates the str1 value
        -:  454:
        -:  455:        Algorithmic Time Complexity : O(m), except multiplication time complexity
        -:  456:        Algorithmic Space Complexity : O(1)
        -:  457:        where n ans m are the lengths of respective strings(Integers) provided.
        -:  458:*/
        -:  459:
function _ZN6bigint3powENSt7__cxx1112basic_stringIcSt11char_traitsIcESaIcEEES5_ called 13580 returned 100% blocks executed 26%
    13580:  460:std::string bigint::pow(std::string str1, std::string str2) {                  // returns str1^str2, ^ -> power, numerically
    13580:  461:    if(str2 == "0") {
    13580:  461-block  0
call    0 returned 13580
branch  1 taken 1192 (fallthrough)
branch  2 taken 12388
     1192:  462:        return "1";
     1192:  462-block  0
call    0 returned 1192
call    1 returned 1192
branch  2 taken 1192 (fallthrough)
branch  3 taken 0 (throw)
     1192:  462-block  1
call    4 returned 1192
    $$$$$:  462-block  2
call    5 never executed
[...]
call    0 never executed
    #####:  565:}
call    0 never executed
    $$$$$:  565-block  0
call    1 never executed
        -:  566:
function _ZN6bigint5log10ENSt7__cxx1112basic_stringIcSt11char_traitsIcESaIcEEE called 0 returned 0% blocks executed 0%
    #####:  567:std::string bigint::log10(std::string s) {                // returns log(s) to base of 10
    #####:  568:    if(s == "0") {
    %%%%%:  568-block  0
call    0 never executed
branch  1 never executed
branch  2 never executed
        -:  569:        // throw new exception(std::out_of_range("log(0) is undefined"));
    #####:  570:        return std::to_string(std::log2(0));
    %%%%%:  570-block  0
call    0 never executed
call    1 never executed
        -:  571:    }
    #####:  572:    if(s[0] == '-') {
    %%%%%:  572-block  0
call    0 never executed
branch  1 never executed
branch  2 never executed
        -:  573:        // throw new exception(std::out_of_range("log(negative) is not allowed"));
    #####:  574:        return std::to_string(std::log2(-1));
    %%%%%:  574-block  0
call    0 never executed
call    1 never executed
        -:  575:    }
    #####:  576:    return std::to_string(s.length() - 1);
    %%%%%:  576-block  0
call    0 never executed
call    1 never executed
        -:  577:}
        -:  578:
function _ZN6bigint11logwithbaseENSt7__cxx1112basic_stringIcSt11char_traitsIcESaIcEEES5_ called 0 returned 0% blocks executed 0%
    #####:  579:std::string bigint::logwithbase(std::string val, std::string base) {
    #####:  580:    return divide(log2(val), log2(base));
    %%%%%:  580-block  0
call    0 never executed
call    1 never executed
branch  2 never executed
branch  3 never executed
    %%%%%:  580-block  1
call    4 never executed
branch  5 never executed
branch  6 never executed
    %%%%%:  580-block  2
call    7 never executed
branch  8 never executed
branch  9 never executed
    %%%%%:  580-block  3
call   10 never executed
branch 11 never executed
branch 12 never executed
    %%%%%:  580-block  4
call   13 never executed
call   14 never executed
call   15 never executed
call   16 never executed
    %%%%%:  580-block  5
    $$$$$:  580-block  6
call   17 never executed
    $$$$$:  580-block  7
    $$$$$:  580-block  8
call   18 never executed
    $$$$$:  580-block  9
    $$$$$:  580-block 10
call   19 never executed
    $$$$$:  580-block 11
    $$$$$:  580-block 12
call   20 never executed
        -:  581:}
        -:  582:
function _ZN6bigint8antilog2ENSt7__cxx1112basic_stringIcSt11char_traitsIcESaIcEEE called 0 returned 0% blocks executed 0%
    #####:  583:std::string bigint::antilog2(std::string s) {
    #####:  584:    return pow("2", s);
    %%%%%:  584-block  0
call    0 never executed
call    1 never executed
call    2 never executed
branch  3 never executed
branch  4 never executed
    %%%%%:  584-block  1
call    5 never executed
branch  6 never executed
branch  7 never executed
    %%%%%:  584-block  2
call    8 never executed
call    9 never executed
call   10 never executed
    %%%%%:  584-block  3
    $$$$$:  584-block  4
call   11 never executed
    $$$$$:  584-block  5
    $$$$$:  584-block  6
call   12 never executed
    $$$$$:  584-block  7
    $$$$$:  584-block  8
call   13 never executed
        -:  585:}
        -:  586:
function _ZN6bigint9antilog10ENSt7__cxx1112basic_stringIcSt11char_traitsIcESaIcEEE called 0 returned 0% blocks executed 0%
    #####:  587:std::string bigint::antilog10(std::string s) {
    #####:  588:    return pow("10", s);
    %%%%%:  588-block  0
call    0 never executed
call    1 never executed
call    2 never executed
branch  3 never executed
branch  4 never executed
    %%%%%:  588-block  1
call    5 never executed
branch  6 never executed
branch  7 never executed
    %%%%%:  588-block  2
call    8 never executed
call    9 never executed
call   10 never executed
    %%%%%:  588-block  3
    $$$$$:  588-block  4
call   11 never executed
    $$$$$:  588-block  5
    $$$$$:  588-block  6
call   12 never executed
    $$$$$:  588-block  7
    $$$$$:  588-block  8
call   13 never executed
        -:  589:}
        -:  590:
function _ZN6bigint4swapERNSt7__cxx1112basic_stringIcSt11char_traitsIcESaIcEEES6_ called 0 returned 0% blocks executed 0%
    #####:  591:void bigint::swap(std::string& str1, std::string& str2) {
    #####:  592:    std::string s;
    %%%%%:  592-block  0
call    0 never executed
    #####:  593:    s = str1;
call    0 never executed
branch  1 never executed
branch  2 never executed
    #####:  594:    str1 = str2;
    %%%%%:  594-block  0
call    0 never executed
branch  1 never executed
branch  2 never executed
    #####:  595:    str2 = s;
    %%%%%:  595-block  0
call    0 never executed
branch  1 never executed
branch  2 never executed
    #####:  596:}
    %%%%%:  596-block  0
call    0 never executed
    $$$$$:  596-block  1
call    1 never executed
        -:  597:
function _ZN6bigint7reverseENSt7__cxx1112basic_stringIcSt11char_traitsIcESaIcEEE called 0 returned 0% blocks executed 0%
    #####:  598:std::string bigint::reverse(std::string s) {          // reverses the string number, example: "7875" => "5787"
    #####:  599:    bool fl = false;
    #####:  600:    if(s[0] == '-') {
    %%%%%:  600-block  0
call    0 never executed
branch  1 never executed
branch  2 never executed
    #####:  601:        s.erase(0, 1);
    %%%%%:  601-block  0
call    0 never executed
    #####:  602:        fl = true;
        -:  603:    }
    #####:  604:    unsigned long long int beg = 0, end = s.length() - 1;
    %%%%%:  604-block  0
call    0 never executed
        -:  605:    char ch;
    #####:  606:    while(beg < end) {
    %%%%%:  606-block  0
branch  0 never executed
branch  1 never executed
    #####:  607:        ch = s[beg];
    %%%%%:  607-block  0
call    0 never executed
    #####:  608:        s[beg] = s[end];
call    0 never executed
call    1 never executed
    #####:  609:        s[end] = ch;
call    0 never executed
    #####:  610:        beg++;
    #####:  611:        end--;
        -:  612:    }
    #####:  613:    if(fl)
    %%%%%:  613-block  0
branch  0 never executed
branch  1 never executed
    #####:  614:        s = '-' + s;
    %%%%%:  614-block  0
call    0 never executed
call    1 never executed
call    2 never executed
    #####:  615:    return s;
    %%%%%:  615-block  0
call    0 never executed
        -:  616:}
        -:  617:
        -:  618:/*
        -:  619:        ______________________________________________________
        -:  620:                        gcd Function
        -:  621:        ______________________________________________________
        -:  622:                      Algorithm Explanation
        -:  623:
        -:  624:        It performs euclid method for finding greates common divisor
        -:  625:
        -:  626:        Algorithmic Time Complexity : O(log(val. of str2)), except mod time complexity
        -:  627:        Algorithmic Space Complexity : O(log(str2)) in stack;
        -:  628:*/
        -:  629:
function _ZN6bigint3gcdENSt7__cxx1112basic_stringIcSt11char_traitsIcESaIcEEES5_ called 0 returned 0% blocks executed 0%
    #####:  630:std::string bigint::gcd(std::string str1, std::string str2) {
    #####:  631:    if(is_strictlyMaximum(str2, str1))
    %%%%%:  631-block  0
call    0 never executed
branch  1 never executed
branch  2 never executed
    %%%%%:  631-block  1
call    3 never executed
branch  4 never executed
branch  5 never executed
    %%%%%:  631-block  2
call    6 never executed
branch  7 never executed
branch  8 never executed
    %%%%%:  631-block  3
call    9 never executed
call   10 never executed
branch 11 never executed
branch 12 never executed
    $$$$$:  631-block  4
call   13 never executed
    $$$$$:  631-block  5
    $$$$$:  631-block  6
call   14 never executed
    $$$$$:  631-block  7
    #####:  632:        swap(str1, str2);
    %%%%%:  632-block  0
call    0 never executed
branch  1 never executed
branch  2 never executed
    #####:  633:    std::string temp = "";
    %%%%%:  633-block  0
call    0 never executed
call    1 never executed
branch  2 never executed
branch  3 never executed
    $$$$$:  633-block  1
    #####:  634:    while(is_strictlyMaximum(str2, "0")) {
    %%%%%:  634-block  0
call    0 never executed
call    1 never executed
branch  2 never executed
branch  3 never executed
    %%%%%:  634-block  1
call    4 never executed
branch  5 never executed
branch  6 never executed
    %%%%%:  634-block  2
call    7 never executed
branch  8 never executed
branch  9 never executed
    %%%%%:  634-block  3
call   10 never executed
call   11 never executed
call   12 never executed
branch 13 never executed
branch 14 never executed
    $$$$$:  634-block  4
call   15 never executed
    $$$$$:  634-block  5
    $$$$$:  634-block  6
call   16 never executed
    $$$$$:  634-block  7
    $$$$$:  634-block  8
call   17 never executed
    $$$$$:  634-block  9
    #####:  635:        temp = mod(str1, str2);
    %%%%%:  635-block  0
call    0 never executed
branch  1 never executed
branch  2 never executed
    %%%%%:  635-block  1
call    3 never executed
branch  4 never executed
branch  5 never executed
    %%%%%:  635-block  2
call    6 never executed
branch  7 never executed
branch  8 never executed
    %%%%%:  635-block  3
call    9 never executed
call   10 never executed
call   11 never executed
call   12 never executed
    $$$$$:  635-block  4
call   13 never executed
    $$$$$:  635-block  5
    $$$$$:  635-block  6
call   14 never executed
    $$$$$:  635-block  7
    #####:  636:        str1 = str2;
call    0 never executed
branch  1 never executed
branch  2 never executed
    #####:  637:        str2 = temp;
    %%%%%:  637-block  0
call    0 never executed
branch  1 never executed
branch  2 never executed
        -:  638:    }
    #####:  639:    return str1;
    %%%%%:  639-block  0
call    0 never executed
    %%%%%:  639-block  1
    #####:  640:}
call    0 never executed
    $$$$$:  640-block  0
call    1 never executed
        -:  641:
function _ZN6bigint3lcmENSt7__cxx1112basic_stringIcSt11char_traitsIcESaIcEEES5_ called 0 returned 0% blocks executed 0%
    #####:  642:std::string bigint::lcm(std::string str1, std::string str2) {      // return lcm of both str1 and str2
    #####:  643:    return divide(multiply(str1, str2), gcd(str1, str2));
    %%%%%:  643-block  0
call    0 never executed
call    1 never executed
branch  2 never executed
branch  3 never executed
    %%%%%:  643-block  1
call    4 never executed
branch  5 never executed
branch  6 never executed
    %%%%%:  643-block  2
call    7 never executed
branch  8 never executed
branch  9 never executed
    %%%%%:  643-block  3
call   10 never executed
branch 11 never executed
branch 12 never executed
    %%%%%:  643-block  4
call   13 never executed
branch 14 never executed
branch 15 never executed
    %%%%%:  643-block  5
call   16 never executed
branch 17 never executed
branch 18 never executed
    %%%%%:  643-block  6
call   19 never executed
call   20 never executed
call   21 never executed
call   22 never executed
call   23 never executed
call   24 never executed
    %%%%%:  643-block  7
    $$$$$:  643-block  8
call   25 never executed
    $$$$$:  643-block  9
    $$$$$:  643-block 10
call   26 never executed
    $$$$$:  643-block 11
    $$$$$:  643-block 12
call   27 never executed
    $$$$$:  643-block 13
    $$$$$:  643-block 14
call   28 never executed
    $$$$$:  643-block 15
    $$$$$:  643-block 16
call   29 never executed
    $$$$$:  643-block 17
    $$$$$:  643-block 18
call   30 never executed
        -:  644:}
        -:  645:
function _ZN6bigint4factENSt7__cxx1112basic_stringIcSt11char_traitsIcESaIcEEE called 0 returned 0% blocks executed 0%
    #####:  646:std::string bigint::fact(std::string s) {                     // returns the factorial of string s, numerically
    #####:  647:    if(s[0] == '-') {
    %%%%%:  647-block  0
call    0 never executed
branch  1 never executed
branch  2 never executed
    %%%%%:  647-block  1
branch  3 never executed
branch  4 never executed
    #####:  648:        throw std::runtime_error("Factorial of Negative Integer is not defined.");
    %%%%%:  648-block  0
call    0 never executed
call    1 never executed
branch  2 never executed
branch  3 never executed
    %%%%%:  648-block  1
call    4 never executed
    $$$$$:  648-block  2
call    5 never executed
        -:  649:    }
    #####:  650:    if(s == "0")
    %%%%%:  650-block  0
call    0 never executed
branch  1 never executed
branch  2 never executed
    #####:  651:        return "1";
    %%%%%:  651-block  0
call    0 never executed
call    1 never executed
branch  2 never executed
branch  3 never executed
    %%%%%:  651-block  1
call    4 never executed
    $$$$$:  651-block  2
call    5 never executed
    $$$$$:  651-block  3
    #####:  652:    std::string ans = "1";
    %%%%%:  652-block  0
call    0 never executed
call    1 never executed
branch  2 never executed
branch  3 never executed
    $$$$$:  652-block  1
    #####:  653:    while(s != "0") {
    %%%%%:  653-block  0
call    0 never executed
branch  1 never executed
branch  2 never executed
    #####:  654:        ans = multiply(ans, s);
    %%%%%:  654-block  0
call    0 never executed
branch  1 never executed
branch  2 never executed
    %%%%%:  654-block  1
call    3 never executed
branch  4 never executed
branch  5 never executed
    %%%%%:  654-block  2
call    6 never executed
branch  7 never executed
branch  8 never executed
    %%%%%:  654-block  3
call    9 never executed
call   10 never executed
call   11 never executed
call   12 never executed
    $$$$$:  654-block  4
call   13 never executed
    $$$$$:  654-block  5
    $$$$$:  654-block  6
call   14 never executed
    $$$$$:  654-block  7
    #####:  655:        s = subtract(s, "1");
call    0 never executed
call    1 never executed
branch  2 never executed
branch  3 never executed
    %%%%%:  655-block  0
call    4 never executed
branch  5 never executed
branch  6 never executed
    %%%%%:  655-block  1
call    7 never executed
branch  8 never executed
branch  9 never executed
    %%%%%:  655-block  2
call   10 never executed
call   11 never executed
call   12 never executed
call   13 never executed
call   14 never executed
    $$$$$:  655-block  3
call   15 never executed
    $$$$$:  655-block  4
    $$$$$:  655-block  5
call   16 never executed
    $$$$$:  655-block  6
    $$$$$:  655-block  7
call   17 never executed
    $$$$$:  655-block  8
        -:  656:    }
    #####:  657:    return ans;
    %%%%%:  657-block  0
call    0 never executed
    #####:  658:}
call    0 never executed
    $$$$$:  658-block  0
call    1 never executed
        -:  659:
function _ZN6bigint12isPalindromeENSt7__cxx1112basic_stringIcSt11char_traitsIcESaIcEEE called 0 returned 0% blocks executed 0%
    #####:  660:bool bigint::isPalindrome(std::string s) {                  // checks if the Integer as string, s is Palindrome no. or not
    #####:  661:    if(s[0] == '-')
    %%%%%:  661-block  0
call    0 never executed
branch  1 never executed
branch  2 never executed
    #####:  662:        s.erase(0, 1);
    %%%%%:  662-block  0
call    0 never executed
    #####:  663:    unsigned long long int beg = 0, end = s.length() - 1;
    %%%%%:  663-block  0
call    0 never executed
    #####:  664:    while(beg < end) {
    %%%%%:  664-block  0
branch  0 never executed
branch  1 never executed
    #####:  665:        if(s[beg] != s[end])
    %%%%%:  665-block  0
call    0 never executed
call    1 never executed
branch  2 never executed
branch  3 never executed
    #####:  666:            return false;
    %%%%%:  666-block  0
    #####:  667:        beg++;
    #####:  668:        end--;
    %%%%%:  668-block  0
        -:  669:    }
    #####:  670:    return true;
    %%%%%:  670-block  0
        -:  671:}
        -:  672:
function _ZN6bigint7isPrimeENSt7__cxx1112basic_stringIcSt11char_traitsIcESaIcEEE called 0 returned 0% blocks executed 0%
    #####:  673:bool bigint::isPrime(std::string s) {                // checks if the String as Number is prime or not
    #####:  674:    if(maximum(s, "2") != s)
    %%%%%:  674-block  0
call    0 never executed
call    1 never executed
branch  2 never executed
branch  3 never executed
    %%%%%:  674-block  1
call    4 never executed
branch  5 never executed
branch  6 never executed
    %%%%%:  674-block  2
call    7 never executed
branch  8 never executed
branch  9 never executed
    %%%%%:  674-block  3
call   10 never executed
call   11 never executed
call   12 never executed
call   13 never executed
call   14 never executed
branch 15 never executed
branch 16 never executed
    $$$$$:  674-block  4
call   17 never executed
    $$$$$:  674-block  5
    $$$$$:  674-block  6
call   18 never executed
    $$$$$:  674-block  7
    $$$$$:  674-block  8
call   19 never executed
    $$$$$:  674-block  9
    #####:  675:        return false;
    %%%%%:  675-block  0
    #####:  676:    std::string sqrt = bigint::sqrt(s);
    %%%%%:  676-block  0
call    0 never executed
branch  1 never executed
branch  2 never executed
    %%%%%:  676-block  1
call    3 never executed
branch  4 never executed
branch  5 never executed
    $$$$$:  676-block  2
    #####:  677:    std::string i = "";
call    0 never executed
call    1 never executed
branch  2 never executed
branch  3 never executed
    $$$$$:  677-block  0
    #####:  678:    for(i = "2"; is_maximum(sqrt, i); i = add(i, "1")) {
call    0 never executed
branch  1 never executed
branch  2 never executed
    %%%%%:  678-block  0
    %%%%%:  678-block  1
call    3 never executed
call    4 never executed
branch  5 never executed
branch  6 never executed
    %%%%%:  678-block  2
call    7 never executed
branch  8 never executed
branch  9 never executed
    %%%%%:  678-block  3
call   10 never executed
branch 11 never executed
branch 12 never executed
    %%%%%:  678-block  4
call   13 never executed
call   14 never executed
call   15 never executed
call   16 never executed
call   17 never executed
    %%%%%:  678-block  5
call   18 never executed
branch 19 never executed
branch 20 never executed
    %%%%%:  678-block  6
call   21 never executed
branch 22 never executed
branch 23 never executed
    %%%%%:  678-block  7
call   24 never executed
branch 25 never executed
branch 26 never executed
    %%%%%:  678-block  8
call   27 never executed
call   28 never executed
branch 29 never executed
branch 30 never executed
    $$$$$:  678-block  9
call   31 never executed
    $$$$$:  678-block 10
    $$$$$:  678-block 11
call   32 never executed
    $$$$$:  678-block 12
    $$$$$:  678-block 13
call   33 never executed
    $$$$$:  678-block 14
    $$$$$:  678-block 15
call   34 never executed
    $$$$$:  678-block 16
    $$$$$:  678-block 17
call   35 never executed
    $$$$$:  678-block 18
    #####:  679:        if(mod(s, i) == "0")
    %%%%%:  679-block  0
call    0 never executed
branch  1 never executed
branch  2 never executed
    %%%%%:  679-block  1
call    3 never executed
branch  4 never executed
branch  5 never executed
    %%%%%:  679-block  2
call    6 never executed
branch  7 never executed
branch  8 never executed
    %%%%%:  679-block  3
call    9 never executed
call   10 never executed
call   11 never executed
call   12 never executed
branch 13 never executed
branch 14 never executed
    $$$$$:  679-block  4
call   15 never executed
    $$$$$:  679-block  5
    $$$$$:  679-block  6
call   16 never executed
    $$$$$:  679-block  7
    #####:  680:            return false;
    %%%%%:  680-block  0
        -:  681:    }
    #####:  682:    return true;
    %%%%%:  682-block  0
    #####:  683:}
    %%%%%:  683-block  0
call    0 never executed
call    1 never executed
    $$$$$:  683-block  1
call    2 never executed
    $$$$$:  683-block  2
call    3 never executed
