        -:    0:Source:/home/yeawer/tree/VERTEX.h
        -:    0:Graph:/home/yeawer/tree/cmake-build-debug-coverage/CMakeFiles/tree.dir/Control.cpp.gcno
        -:    0:Data:/home/yeawer/tree/cmake-build-debug-coverage/CMakeFiles/tree.dir/Control.cpp.gcda
        -:    0:Runs:1
        -:    1:#include<SFML/Graphics.hpp>
        -:    2:#include"Node_Options.h"
        -:    3:#pragma once
        -:    4:
        -:    5:template<typename vertex_type> struct VERTEX {
        -:    6:    std::pair<float, float> coords;
        -:    7:    sf::Color COLOR = sf::Color::Red;
        -:    8:    float radius{};
        -:    9:    VERTEX* left{};
        -:   10:    VERTEX* right{};
        -:   11:    int val{};
        -:   12:    vertex_type* real_vertex;
        -:   13:
     2737:   14:    VERTEX() = default;
------------------
_ZN6VERTEXI8Node_AVLEC2Ev:
function _ZN6VERTEXI8Node_AVLEC2Ev called 33 returned 100% blocks executed 100%
       33:   14:    VERTEX() = default;
       33:   14-block  0
call    0 returned 33
------------------
_ZN6VERTEXI7Node_DDEC2Ev:
function _ZN6VERTEXI7Node_DDEC2Ev called 2704 returned 100% blocks executed 100%
     2704:   14:    VERTEX() = default;
     2704:   14-block  0
call    0 returned 2704
------------------
        -:   15:
        -:   16:    explicit VERTEX<vertex_type>(vertex_type* input_vertex) {
        -:   17:        real_vertex = input_vertex;
        -:   18:        coords = {0, 0};
        -:   19:        radius = 0;
        -:   20:    }
        -:   21:
        -:   22:    ~VERTEX() {
        -:   23:        delete[] left;
        -:   24:        delete[] right;
        -:   25:        left = nullptr;
        -:   26:        right = nullptr;
        -:   27:    }
        -:   28:
        -:   29:    VERTEX(VERTEX const& other) {
        -:   30:        coords = other.coords;
        -:   31:        COLOR = other.COLOR;
        -:   32:        radius = other.radius;
        -:   33:        left = other.left;
        -:   34:        right = other.right;
        -:   35:        val = other.val;
        -:   36:        real_vertex = other.real_vertex;
        -:   37:    }
        -:   38:};
