        -:    0:Source:/home/yeawer/tree/Node_AVL.h
        -:    0:Graph:/home/yeawer/tree/cmake-build-debug-coverage/CMakeFiles/tree.dir/Control.cpp.gcno
        -:    0:Data:/home/yeawer/tree/cmake-build-debug-coverage/CMakeFiles/tree.dir/Control.cpp.gcda
        -:    0:Runs:1
        -:    1:#include"Node_Options.h"
        -:    2:#pragma once
        -:    3:
        -:    4:struct Node_AVL {
        -:    5:    // Node options
        -:    6:    Node_Options param;
        -:    7:    int64_t val;
        -:    8:    Node_AVL* left;
        -:    9:    Node_AVL* right;
        -:   10:    int32_t height;
        -:   11:    int64_t balance;
        -:   12:
        -:   13:    Node_AVL() = default;
        -:   14:
        -:   15:    ~Node_AVL() = default;
        -:   16:
        -:   17:    Node_AVL(Node_AVL const& other) {
        -:   18:        param = other.param;
        -:   19:        val = other.val;
        -:   20:        left = other.left;
        -:   21:        right = other.right;
        -:   22:        height = other.height;
        -:   23:        balance = other.balance;
        -:   24:    }
function _ZN8Node_AVLC2Eli called 33 returned 100% blocks executed 100%
       66:   25:    explicit Node_AVL(int64_t _val = 0, int32_t _height = -1) : val(_val),
       33:   26:                                                            height(_height + 1),
       33:   27:                                                            left(nullptr), right(nullptr),
       33:   28:                                                            balance(0) {}
       33:   28-block  0
call    0 returned 33
        -:   29:};
