        -:    0:Source:/home/yeawer/tree/Control.cpp
        -:    0:Graph:/home/yeawer/tree/cmake-build-debug-coverage/CMakeFiles/tree.dir/Control.cpp.gcno
        -:    0:Data:/home/yeawer/tree/cmake-build-debug-coverage/CMakeFiles/tree.dir/Control.cpp.gcda
        -:    0:Runs:1
        -:    1:#include"FrontEnd.h"
        -:    2:#include "Control.h"
        -:    3:#include"Trees_Building.h"
        -:    4:
function _ZN7Control12WASD_Control7MOVE_UPEv called 1 returned 100% blocks executed 60%
        1:    5:void Control::WASD_Control::MOVE_UP() noexcept {
        1:    6:    if (MAIN_WINDOW::type_ == MAIN_WINDOW::which_window_::DD_TREE) {
        1:    6-block  0
branch  0 taken 1 (fallthrough)
branch  1 taken 0
        1:    7:        MAIN_WINDOW::PRINT_DD_OPTIONS_.cnt_y += 75;
        1:    7-block  0
    #####:    8:    } else if (MAIN_WINDOW::type_ == MAIN_WINDOW::which_window_::AVL_TREE) {
    %%%%%:    8-block  0
branch  0 never executed
branch  1 never executed
    #####:    9:        MAIN_WINDOW::PRINT_AVL_OPTIONS.cnt_y += 75;
    %%%%%:    9-block  0
        -:   10:    }
        1:   11:}
        -:   12:
function _ZN7Control12WASD_Control9MOVE_DOWNEv called 0 returned 0% blocks executed 0%
    #####:   13:void Control::WASD_Control::MOVE_DOWN() noexcept {
    #####:   14:    if (MAIN_WINDOW::type_ == MAIN_WINDOW::which_window_::DD_TREE) {
    %%%%%:   14-block  0
branch  0 never executed
branch  1 never executed
    #####:   15:        MAIN_WINDOW::PRINT_DD_OPTIONS_.cnt_y -= 75;
    %%%%%:   15-block  0
    #####:   16:    } else if (MAIN_WINDOW::type_ == MAIN_WINDOW::which_window_::AVL_TREE) {
    %%%%%:   16-block  0
branch  0 never executed
branch  1 never executed
    #####:   17:        MAIN_WINDOW::PRINT_AVL_OPTIONS.cnt_y -= 75;
    %%%%%:   17-block  0
        -:   18:    }
    #####:   19:}
        -:   20:
function _ZN7Control12WASD_Control9MOVE_LEFTEv called 0 returned 0% blocks executed 0%
    #####:   21:void Control::WASD_Control::MOVE_LEFT() noexcept {
    #####:   22:    if (MAIN_WINDOW::type_ == MAIN_WINDOW::which_window_::DD_TREE) {
    %%%%%:   22-block  0
branch  0 never executed
branch  1 never executed
    #####:   23:        MAIN_WINDOW::PRINT_DD_OPTIONS_.cnt_x += 75;
    %%%%%:   23-block  0
    #####:   24:    } else if (MAIN_WINDOW::type_ == MAIN_WINDOW::which_window_::AVL_TREE) {
    %%%%%:   24-block  0
branch  0 never executed
branch  1 never executed
    #####:   25:        MAIN_WINDOW::PRINT_AVL_OPTIONS.cnt_x += 75;
    %%%%%:   25-block  0
        -:   26:    }
    #####:   27:}
        -:   28:
function _ZN7Control12WASD_Control10MOVE_RIGHTEv called 0 returned 0% blocks executed 0%
    #####:   29:void Control::WASD_Control::MOVE_RIGHT() noexcept {
    #####:   30:    if (MAIN_WINDOW::type_ == MAIN_WINDOW::which_window_::DD_TREE) {
    %%%%%:   30-block  0
branch  0 never executed
branch  1 never executed
    #####:   31:        MAIN_WINDOW::PRINT_DD_OPTIONS_.cnt_x -= 75;
    %%%%%:   31-block  0
    #####:   32:    } else if (MAIN_WINDOW::type_ == MAIN_WINDOW::which_window_::AVL_TREE) {
    %%%%%:   32-block  0
branch  0 never executed
branch  1 never executed
    #####:   33:        MAIN_WINDOW::PRINT_AVL_OPTIONS.cnt_x -= 75;
    %%%%%:   33-block  0
        -:   34:    }
    #####:   35:}
        -:   36:
function _ZN7Control13Mouse_Control7MOVE_UPEv called 13 returned 100% blocks executed 60%
       13:   37:void Control::Mouse_Control::MOVE_UP() noexcept {
       13:   38:    if (MAIN_WINDOW::type_ == MAIN_WINDOW::which_window_::DD_TREE) {
       13:   38-block  0
branch  0 taken 13 (fallthrough)
branch  1 taken 0
       13:   39:        MAIN_WINDOW::PRINT_DD_OPTIONS_.zoom -= 0.03f;
       13:   39-block  0
    #####:   40:    } else if (MAIN_WINDOW::type_ == MAIN_WINDOW::which_window_::AVL_TREE) {
    %%%%%:   40-block  0
branch  0 never executed
branch  1 never executed
    #####:   41:        MAIN_WINDOW::PRINT_AVL_OPTIONS.zoom -= 0.03f;
    %%%%%:   41-block  0
        -:   42:    }
       13:   43:}
        -:   44:
function _ZN7Control13Mouse_Control9MOVE_DOWNEv called 17 returned 100% blocks executed 60%
       17:   45:void Control::Mouse_Control::MOVE_DOWN() noexcept {
       17:   46:    if (MAIN_WINDOW::type_ == MAIN_WINDOW::which_window_::DD_TREE) {
       17:   46-block  0
branch  0 taken 17 (fallthrough)
branch  1 taken 0
       17:   47:        MAIN_WINDOW::PRINT_DD_OPTIONS_.zoom += 0.03f;
       17:   47-block  0
    #####:   48:    } else if (MAIN_WINDOW::type_ == MAIN_WINDOW::which_window_::AVL_TREE) {
    %%%%%:   48-block  0
branch  0 never executed
branch  1 never executed
    #####:   49:        MAIN_WINDOW::PRINT_AVL_OPTIONS.zoom += 0.03f;
    %%%%%:   49-block  0
        -:   50:    }
       17:   51:}
        -:   52:
function _ZN7Control13Arrow_Control9MOVE_LEFTEv called 59 returned 100% blocks executed 50%
       59:   53:void Control::Arrow_Control::MOVE_LEFT() noexcept {
       59:   54:    if (MAIN_WINDOW::type_ == MAIN_WINDOW::which_window_::DD_TREE) {
       59:   54-block  0
branch  0 taken 59 (fallthrough)
branch  1 taken 0
       59:   55:        MAIN_WINDOW::DD_OPTIONS_.TREE_W -= 0.03f;
       59:   56:        MAIN_WINDOW::DD_OPTIONS_.TREE_W = std::max(1.f, MAIN_WINDOW::DD_OPTIONS_.TREE_W);
       59:   56-block  0
call    0 returned 59
       59:   57:        MAIN_WINDOW::DD_DRAW_TREE_ = Trees_Building::Build_Tree<Node_DD, DD>(MAIN_WINDOW::DD_TREE_,
call    0 returned 59
        -:   58:                                                             MAIN_WINDOW::DD_OPTIONS_);
    #####:   59:    } else if (MAIN_WINDOW::type_ == MAIN_WINDOW::which_window_::AVL_TREE) {
    %%%%%:   59-block  0
branch  0 never executed
branch  1 never executed
    #####:   60:        MAIN_WINDOW::AVL_OPTIONS_.TREE_W -= 0.03f;
    #####:   61:        MAIN_WINDOW::AVL_OPTIONS_.TREE_W = std::max(1.f, MAIN_WINDOW::AVL_OPTIONS_.TREE_W);
    %%%%%:   61-block  0
call    0 never executed
    #####:   62:        MAIN_WINDOW::AVL_DRAW_TREE_ = Trees_Building::Build_Tree<Node_AVL, AVL>(MAIN_WINDOW::AVL_TREE_,
call    0 never executed
        -:   63:                                                                MAIN_WINDOW::AVL_OPTIONS_);
    #####:   64:    } else if (MAIN_WINDOW::type_ == MAIN_WINDOW::which_window_::SPLAY_TREE) {
    %%%%%:   64-block  0
        -:   65:
        -:   66:    }
       59:   67:}
        -:   68:
function _ZN7Control13Arrow_Control10MOVE_RIGHTEv called 44 returned 100% blocks executed 50%
       44:   69:void Control::Arrow_Control::MOVE_RIGHT() noexcept {
       44:   70:    if (MAIN_WINDOW::type_ == MAIN_WINDOW::which_window_::DD_TREE) {
       44:   70-block  0
branch  0 taken 44 (fallthrough)
branch  1 taken 0
       44:   71:        MAIN_WINDOW::DD_OPTIONS_.TREE_W += 0.03f;
       44:   72:        MAIN_WINDOW::DD_DRAW_TREE_ = Trees_Building::Build_Tree<Node_DD, DD>(MAIN_WINDOW::DD_TREE_,
       44:   72-block  0
call    0 returned 44
        -:   73:                                                             MAIN_WINDOW::DD_OPTIONS_);
    #####:   74:    } else if (MAIN_WINDOW::type_ == MAIN_WINDOW::which_window_::AVL_TREE) {
    %%%%%:   74-block  0
branch  0 never executed
branch  1 never executed
    #####:   75:        MAIN_WINDOW::AVL_OPTIONS_.TREE_W += 0.03f;
    #####:   76:        MAIN_WINDOW::AVL_DRAW_TREE_ = Trees_Building::Build_Tree<Node_AVL, AVL>(MAIN_WINDOW::AVL_TREE_,
    %%%%%:   76-block  0
call    0 never executed
        -:   77:                                                                MAIN_WINDOW::AVL_OPTIONS_);
    #####:   78:    } else if (MAIN_WINDOW::type_ == MAIN_WINDOW::which_window_::SPLAY_TREE) {
    %%%%%:   78-block  0
        -:   79:
        -:   80:    }
       44:   81:}
        -:   82:
function _ZN7Control13Arrow_Control9MOVE_DOWNEv called 0 returned 0% blocks executed 0%
    #####:   83:void Control::Arrow_Control::MOVE_DOWN() noexcept {
    #####:   84:    if (MAIN_WINDOW::type_ == MAIN_WINDOW::which_window_::DD_TREE) {
    %%%%%:   84-block  0
branch  0 never executed
branch  1 never executed
    #####:   85:        MAIN_WINDOW::DD_OPTIONS_.TREE_H += 0.03f;
    #####:   86:        MAIN_WINDOW::DD_OPTIONS_.TREE_H = std::max(1.f, MAIN_WINDOW::DD_OPTIONS_.TREE_H);
    %%%%%:   86-block  0
call    0 never executed
    #####:   87:        MAIN_WINDOW::DD_DRAW_TREE_ = Trees_Building::Build_Tree<Node_DD, DD>(MAIN_WINDOW::DD_TREE_,
call    0 never executed
        -:   88:                                                             MAIN_WINDOW::DD_OPTIONS_);
    #####:   89:    } else if (MAIN_WINDOW::type_ == MAIN_WINDOW::which_window_::AVL_TREE) {
    %%%%%:   89-block  0
branch  0 never executed
branch  1 never executed
    #####:   90:        MAIN_WINDOW::AVL_OPTIONS_.TREE_H += 0.03f;
    #####:   91:        MAIN_WINDOW::AVL_OPTIONS_.TREE_H = std::max(1.f, MAIN_WINDOW::AVL_OPTIONS_.TREE_H);
    %%%%%:   91-block  0
call    0 never executed
    #####:   92:        MAIN_WINDOW::AVL_DRAW_TREE_ = Trees_Building::Build_Tree<Node_AVL, AVL>(MAIN_WINDOW::AVL_TREE_,
call    0 never executed
        -:   93:                                                                MAIN_WINDOW::AVL_OPTIONS_);
    #####:   94:    } else if (MAIN_WINDOW::type_ == MAIN_WINDOW::which_window_::SPLAY_TREE) {
    %%%%%:   94-block  0
        -:   95:
        -:   96:    }
    #####:   97:}
        -:   98:
function _ZN7Control13Arrow_Control7MOVE_UPEv called 0 returned 0% blocks executed 0%
    #####:   99:void Control::Arrow_Control::MOVE_UP() noexcept {
    #####:  100:    if (MAIN_WINDOW::type_ == MAIN_WINDOW::which_window_::DD_TREE) {
    %%%%%:  100-block  0
branch  0 never executed
branch  1 never executed
    #####:  101:        MAIN_WINDOW::DD_OPTIONS_.TREE_H -= 0.03f;
    #####:  102:        MAIN_WINDOW::DD_OPTIONS_.TREE_H = std::max(1.f, MAIN_WINDOW::DD_OPTIONS_.TREE_H);
    %%%%%:  102-block  0
call    0 never executed
    #####:  103:        MAIN_WINDOW::DD_DRAW_TREE_ = Trees_Building::Build_Tree<Node_DD, DD>(MAIN_WINDOW::DD_TREE_,
call    0 never executed
        -:  104:                                                             MAIN_WINDOW::DD_OPTIONS_);
    #####:  105:    } else if (MAIN_WINDOW::type_ == MAIN_WINDOW::which_window_::AVL_TREE) {
    %%%%%:  105-block  0
branch  0 never executed
branch  1 never executed
    #####:  106:        MAIN_WINDOW::AVL_OPTIONS_.TREE_H -= 0.03f;
    #####:  107:        MAIN_WINDOW::AVL_OPTIONS_.TREE_H = std::max(1.f, MAIN_WINDOW::AVL_OPTIONS_.TREE_H);
    %%%%%:  107-block  0
call    0 never executed
    #####:  108:        MAIN_WINDOW::AVL_DRAW_TREE_ = Trees_Building::Build_Tree<Node_AVL, AVL>(MAIN_WINDOW::AVL_TREE_,
call    0 never executed
        -:  109:                                                                MAIN_WINDOW::AVL_OPTIONS_);
    #####:  110:    } else if (MAIN_WINDOW::type_ == MAIN_WINDOW::which_window_::SPLAY_TREE) {
    %%%%%:  110-block  0
        -:  111:
        -:  112:    }
    #####:  113:}
        -:  114:
function _ZN7Control12Nums_Control4NUM1Ev called 0 returned 0% blocks executed 0%
    #####:  115:void Control::Nums_Control::NUM1() noexcept {
    #####:  116:    First_Extra_Window Extra_Window;
    %%%%%:  116-block  0
call    0 never executed
    #####:  117:    std::string res = Extra_Window.Process();
call    0 never executed
    #####:  118:    if (!res.empty()) {
call    0 never executed
branch  1 never executed
branch  2 never executed
    #####:  119:        int64_t add_num = stoi(res);
    %%%%%:  119-block  0
call    0 never executed
        -:  120:        /// more...
        -:  121:        // add DD
    #####:  122:        MAIN_WINDOW::DD_TREE_.Add(add_num);
call    0 never executed
    #####:  123:        MAIN_WINDOW::AVL_TREE_.Add(add_num);
call    0 never executed
        -:  124:        // re-build DD
    #####:  125:        MAIN_WINDOW::DD_DRAW_TREE_ = Trees_Building::Build_Tree<Node_DD, DD>(MAIN_WINDOW::DD_TREE_,
call    0 never executed
        -:  126:                                                             MAIN_WINDOW::DD_OPTIONS_);
        -:  127:        // add AVL
    #####:  128:        MAIN_WINDOW::AVL_DRAW_TREE_ = Trees_Building::Build_Tree<Node_AVL, AVL>(MAIN_WINDOW::AVL_TREE_,
call    0 never executed
        -:  129:                                                                MAIN_WINDOW::AVL_OPTIONS_);
        -:  130:        // add Splay
        -:  131:    }
    #####:  132:}
    %%%%%:  132-block  0
call    0 never executed
call    1 never executed
        -:  133:
function _ZN7Control12Nums_Control4NUM2Ev called 1 returned 100% blocks executed 100%
        1:  134:void Control::Nums_Control::NUM2() noexcept {
        1:  135:    First_Extra_Window Extra_Window;
        1:  135-block  0
call    0 returned 1
        1:  136:    std::string res = Extra_Window.Process();
call    0 returned 1
        1:  137:    if (!res.empty()) {
call    0 returned 1
branch  1 taken 1 (fallthrough)
branch  2 taken 0
        1:  138:        int32_t add_num = stoi(res);
        1:  138-block  0
call    0 returned 1
        -:  139:        /// more...
        -:  140:        // add DD
        1:  141:        MAIN_WINDOW::DD_TREE_.Add_Rnd(add_num);
call    0 returned 1
        1:  142:        MAIN_WINDOW::AVL_TREE_.Add_X(add_num);
call    0 returned 1
        -:  143:        // re-build DD
        1:  144:        MAIN_WINDOW::DD_DRAW_TREE_ = Trees_Building::Build_Tree<Node_DD, DD>(MAIN_WINDOW::DD_TREE_,
call    0 returned 1
        -:  145:                                                             MAIN_WINDOW::DD_OPTIONS_);
        -:  146:        // add AVL
        1:  147:        MAIN_WINDOW::AVL_DRAW_TREE_ = Trees_Building::Build_Tree<Node_AVL, AVL>(MAIN_WINDOW::AVL_TREE_,
call    0 returned 1
        -:  148:                                                                MAIN_WINDOW::AVL_OPTIONS_);
        -:  149:        // add Splay
        -:  150:
        -:  151:    }
        1:  152:}
        1:  152-block  0
call    0 returned 1
call    1 returned 1
        -:  153:
function _ZN7Control12Nums_Control4NUM3Ev called 5 returned 100% blocks executed 80%
        5:  154:void Control::Nums_Control::NUM3() noexcept {
        5:  155:    if (MAIN_WINDOW::type_ == MAIN_WINDOW::which_window_::AVL_TREE) {
        5:  155-block  0
branch  0 taken 4 (fallthrough)
branch  1 taken 1
        4:  156:        MAIN_WINDOW::type_ = MAIN_WINDOW::which_window_::DD_TREE;
        4:  156-block  0
        1:  157:    } else if (MAIN_WINDOW::type_ == MAIN_WINDOW::which_window_::SPLAY_TREE) {
        1:  157-block  0
branch  0 taken 0 (fallthrough)
branch  1 taken 1
    #####:  158:        MAIN_WINDOW::type_ = MAIN_WINDOW::which_window_::AVL_TREE;
    %%%%%:  158-block  0
        -:  159:    }
        5:  160:}
        -:  161:
function _ZN7Control12Nums_Control4NUM4Ev called 4 returned 100% blocks executed 60%
        4:  162:void Control::Nums_Control::NUM4() noexcept {
        4:  163:    if (MAIN_WINDOW::type_ == MAIN_WINDOW::which_window_::DD_TREE) {
        4:  163-block  0
branch  0 taken 4 (fallthrough)
branch  1 taken 0
        4:  164:        MAIN_WINDOW::type_ = MAIN_WINDOW::which_window_::AVL_TREE;
        4:  164-block  0
    #####:  165:    } else if (MAIN_WINDOW::type_ == MAIN_WINDOW::which_window_::AVL_TREE) {
    %%%%%:  165-block  0
branch  0 never executed
branch  1 never executed
    #####:  166:        MAIN_WINDOW::type_ = MAIN_WINDOW::which_window_::SPLAY_TREE;
    %%%%%:  166-block  0
        -:  167:    }
        4:  168:}
