        -:    0:Source:/home/yeawer/tree/Node_Options.h
        -:    0:Graph:/home/yeawer/tree/cmake-build-debug-coverage/CMakeFiles/tree.dir/Control.cpp.gcno
        -:    0:Data:/home/yeawer/tree/cmake-build-debug-coverage/CMakeFiles/tree.dir/Control.cpp.gcda
        -:    0:Runs:1
        -:    1:#pragma once
        -:    2:#include"BigInteger.h"
        -:    3:
        -:    4:struct Node_Options {
        -:    5:    int32_t height;
        -:    6:    int32_t size;
        -:    7:    bigint posX;
        -:    8:    bigint sdv;
        -:    9:    bigint L;
        -:   10:    bigint R;
        -:   11:    sf::Color COLOR{};
        -:   12:
function _ZN12Node_OptionsD2Ev called 0 returned 0% blocks executed 0%
    #####:   13:    ~Node_Options() = default;
    %%%%%:   13-block  0
call    0 never executed
call    1 never executed
call    2 never executed
call    3 never executed
        -:   14:
        -:   15:    Node_Options(const Node_Options& other) {
        -:   16:        height = other.height;
        -:   17:        size = other.size;
        -:   18:        posX = other.posX;
        -:   19:        sdv = other.sdv;
        -:   20:        L = other.L;
        -:   21:        R = other.R;
        -:   22:    }
        -:   23:
function _ZN12Node_OptionsC2Ev called 59 returned 100% blocks executed 43%
       59:   24:    Node_Options() : height(0), posX(bigint("0")), sdv(bigint("0")), L(bigint("0")), R(bigint("0")),
call    0 returned 59
branch  1 taken 59 (fallthrough)
branch  2 taken 0 (throw)
       59:   24-block  0
call    3 returned 59
branch  4 taken 59 (fallthrough)
branch  5 taken 0 (throw)
       59:   24-block  1
call    6 returned 59
call    7 returned 59
call    8 returned 59
call    9 returned 59
branch 10 taken 59 (fallthrough)
branch 11 taken 0 (throw)
       59:   24-block  2
call   12 returned 59
branch 13 taken 59 (fallthrough)
branch 14 taken 0 (throw)
       59:   24-block  3
call   15 returned 59
call   16 returned 59
call   17 returned 59
call   18 returned 59
branch 19 taken 59 (fallthrough)
branch 20 taken 0 (throw)
       59:   24-block  4
call   21 returned 59
branch 22 taken 59 (fallthrough)
branch 23 taken 0 (throw)
       59:   24-block  5
call   24 returned 59
call   25 returned 59
call   26 returned 59
call   27 returned 59
branch 28 taken 59 (fallthrough)
branch 29 taken 0 (throw)
       59:   24-block  6
call   30 returned 59
branch 31 taken 59 (fallthrough)
branch 32 taken 0 (throw)
       59:   24-block  7
call   33 returned 59
call   34 returned 59
    $$$$$:   24-block  8
call   35 never executed
    $$$$$:   24-block  9
    $$$$$:   24-block 10
call   36 never executed
    $$$$$:   24-block 11
call   37 never executed
    $$$$$:   24-block 12
call   38 never executed
    $$$$$:   24-block 13
    $$$$$:   24-block 14
call   39 never executed
    $$$$$:   24-block 15
    $$$$$:   24-block 16
call   40 never executed
    $$$$$:   24-block 17
    $$$$$:   24-block 18
call   41 never executed
    $$$$$:   24-block 19
    $$$$$:   24-block 20
call   42 never executed
    $$$$$:   24-block 21
    $$$$$:   24-block 22
call   43 never executed
    $$$$$:   24-block 23
      118:   25:                     COLOR(sf::Color::Red), size(0) {}
       59:   25-block  0
call    0 returned 59
    $$$$$:   25-block  1
call    1 never executed
    $$$$$:   25-block  2
call    2 never executed
    $$$$$:   25-block  3
call    3 never executed
        -:   26:};
