        -:    0:Source:/home/yeawer/tree/Random.h
        -:    0:Graph:/home/yeawer/tree/cmake-build-debug-coverage/CMakeFiles/tree.dir/Control.cpp.gcno
        -:    0:Data:/home/yeawer/tree/cmake-build-debug-coverage/CMakeFiles/tree.dir/Control.cpp.gcda
        -:    0:Runs:2
        -:    1:#include<bits/stdc++.h>
        -:    2:#pragma once
        -:    3:
function _ZL10get_randomv called 661 returned 100% blocks executed 100%
      661:    4:static int64_t get_random() {
      661:    5:    std::mt19937 rnd(52);
      661:    5-block  0
call    0 returned 661
branch  1 taken 661 (fallthrough)
branch  2 taken 0 (throw)
      661:    6:    return static_cast<int64_t>(rnd());
      661:    6-block  0
call    0 returned 661
branch  1 taken 661 (fallthrough)
branch  2 taken 0 (throw)
      661:    6-block  1
      661:    6-block  2
        -:    7:}
