        -:    0:Source:/home/yeawer/tree/Node_Options.h
        -:    0:Graph:/home/yeawer/tree/cmake-build-debug-coverage/CMakeFiles/tree.dir/Control.cpp.gcno
        -:    0:Data:/home/yeawer/tree/cmake-build-debug-coverage/CMakeFiles/tree.dir/Control.cpp.gcda
        -:    0:Runs:1
        -:    1:#pragma once
        -:    2:#include"BigInteger.h"
        -:    3:
        -:    4:struct Node_Options {
        -:    5:    int32_t height;
        -:    6:    int32_t size;
        -:    7:    int64_t posX;
        -:    8:    int64_t sdv;
        -:    9:    int64_t L;
        -:   10:    int64_t R;
        -:   11:    sf::Color COLOR;
function _ZN12Node_OptionsC2Ev called 104 returned 100% blocks executed 100%
      104:   12:    Node_Options() : height(0), posX(0), sdv(0), L(0), R(0),
      104:   13:                     COLOR(sf::Color::Red), size(0) {}
        -:   14:    ~Node_Options() = default;
        -:   15:};
