        -:    0:Source:/home/yeawer/tree/Boxed.h
        -:    0:Graph:/home/yeawer/tree/cmake-build-debug-coverage/CMakeFiles/tree.dir/Control.cpp.gcno
        -:    0:Data:/home/yeawer/tree/cmake-build-debug-coverage/CMakeFiles/tree.dir/Control.cpp.gcda
        -:    0:Runs:1
        -:    1:#include<SFML/Graphics.hpp>
        -:    2:using namespace sf;
        -:    3:#pragma once
        -:    4:
function _ZL7DrawBoxRN2sf12RenderWindowERNS_7Vector2IfEES4_NS_5ColorE called 0 returned 0% blocks executed 0%
    #####:    5:static void DrawBox(sf::RenderWindow& Main_Window, sf::Vector2f& position,
        -:    6:             sf::Vector2f& size, sf::Color COLOR = sf::Color::White) {
        -:    7:    sf::Vertex line1[] = {
    #####:    8:            Vertex(sf::Vector2f(position.x, position.y), COLOR),
    $$$$$:    8-block  0
    #####:    9:            Vertex(sf::Vector2f(position.x + size.x, position.y),COLOR)
    $$$$$:    9-block  0
    #####:   10:    };
    %%%%%:   10-block  0
call    0 never executed
call    1 never executed
branch  2 never executed
branch  3 never executed
    %%%%%:   10-block  1
call    4 never executed
call    5 never executed
branch  6 never executed
branch  7 never executed
        -:   11:    sf::Vertex line2[] = {
    #####:   12:            Vertex(sf::Vector2f(position.x, position.y), COLOR),
    $$$$$:   12-block  0
    #####:   13:            Vertex(sf::Vector2f(position.x, position.y + size.y), COLOR)
    $$$$$:   13-block  0
    #####:   14:    };
    %%%%%:   14-block  0
call    0 never executed
call    1 never executed
branch  2 never executed
branch  3 never executed
    %%%%%:   14-block  1
call    4 never executed
call    5 never executed
branch  6 never executed
branch  7 never executed
        -:   15:    sf::Vertex line3[] = {
    #####:   16:            Vertex(sf::Vector2f(position.x + size.x, position.y), COLOR),
    $$$$$:   16-block  0
    #####:   17:            Vertex(sf::Vector2f(position.x + size.x, position.y + size.y), COLOR)
    $$$$$:   17-block  0
    #####:   18:    };
    %%%%%:   18-block  0
call    0 never executed
call    1 never executed
branch  2 never executed
branch  3 never executed
    %%%%%:   18-block  1
call    4 never executed
call    5 never executed
branch  6 never executed
branch  7 never executed
        -:   19:    sf::Vertex line4[] = {
    #####:   20:            Vertex(sf::Vector2f(position.x, position.y + size.y), COLOR),
    $$$$$:   20-block  0
    #####:   21:            Vertex(sf::Vector2f(position.x + size.x, position.y + size.y), COLOR)
    $$$$$:   21-block  0
    #####:   22:    };
    %%%%%:   22-block  0
call    0 never executed
call    1 never executed
branch  2 never executed
branch  3 never executed
    %%%%%:   22-block  1
call    4 never executed
call    5 never executed
branch  6 never executed
branch  7 never executed
    #####:   23:    Main_Window.draw(line1, 2, sf::Lines);
    %%%%%:   23-block  0
call    0 never executed
branch  1 never executed
branch  2 never executed
    #####:   24:    Main_Window.draw(line2, 2, sf::Lines);
    %%%%%:   24-block  0
call    0 never executed
branch  1 never executed
branch  2 never executed
    #####:   25:    Main_Window.draw(line3, 2, sf::Lines);
    %%%%%:   25-block  0
call    0 never executed
branch  1 never executed
branch  2 never executed
    #####:   26:    Main_Window.draw(line4, 2, sf::Lines);
    %%%%%:   26-block  0
call    0 never executed
branch  1 never executed
branch  2 never executed
    #####:   27:}
    %%%%%:   27-block  0
        -:   28:
function _ZL13DrawTextInBoxRN2sf12RenderWindowERNS_7Vector2IfEES4_RNSt7__cxx1112basic_stringIcSt11char_traitsIcESaIcEEENS_4TextEii called 0 returned 0% blocks executed 0%
    #####:   29:static void DrawTextInBox(sf::RenderWindow& Main_Window, sf::Vector2f& position,
        -:   30:                   sf::Vector2f& size, std::string& Output_String, sf::Text Output_Text, int start_pos = 0,
        -:   31:                   int Text_Size = 110) {
    #####:   32:    Output_Text.setCharacterSize(Text_Size);
    %%%%%:   32-block  0
call    0 never executed
branch  1 never executed
branch  2 never executed
    #####:   33:    std::string res;
    %%%%%:   33-block  0
call    0 never executed
    #####:   34:    for (int i = start_pos; i < Output_String.size(); ++i) {
    %%%%%:   34-block  0
    %%%%%:   34-block  1
call    0 never executed
branch  1 never executed
branch  2 never executed
    #####:   35:        res += Output_String[i];
    %%%%%:   35-block  0
call    0 never executed
branch  1 never executed
branch  2 never executed
    %%%%%:   35-block  1
call    3 never executed
branch  4 never executed
branch  5 never executed
    #####:   36:        Output_Text.setString(res);
    %%%%%:   36-block  0
call    0 never executed
call    1 never executed
branch  2 never executed
branch  3 never executed
    %%%%%:   36-block  1
call    4 never executed
branch  5 never executed
branch  6 never executed
    %%%%%:   36-block  2
call    7 never executed
call    8 never executed
    $$$$$:   36-block  3
call    9 never executed
    $$$$$:   36-block  4
    $$$$$:   36-block  5
call   10 never executed
    $$$$$:   36-block  6
    #####:   37:        if (Output_Text.getLocalBounds().width > size.x - static_cast<float>(Text_Size) / 2) {
call    0 never executed
branch  1 never executed
branch  2 never executed
    %%%%%:   37-block  0
branch  3 never executed
branch  4 never executed
    #####:   38:            break;
    %%%%%:   38-block  0
        -:   39:        }
        -:   40:    }
    #####:   41:    double x_position = position.x;
    #####:   42:    double y_position = position.y + (size.y - Output_Text.getLocalBounds().height) / 2;
    %%%%%:   42-block  0
call    0 never executed
branch  1 never executed
branch  2 never executed
    #####:   43:    Output_Text.setPosition(sf::Vector2f(static_cast<float>(x_position),
    %%%%%:   43-block  0
call    0 never executed
call    1 never executed
branch  2 never executed
branch  3 never executed
    $$$$$:   43-block  1
        -:   44:                                         static_cast<float>(y_position)));
    #####:   45:    Main_Window.draw(Output_Text);
    %%%%%:   45-block  0
call    0 never executed
branch  1 never executed
branch  2 never executed
    #####:   46:}
    %%%%%:   46-block  0
call    0 never executed
    $$$$$:   46-block  1
call    1 never executed
