        -:    0:Source:/home/yeawer/tree/Random.h
        -:    0:Graph:/home/yeawer/tree/cmake-build-debug-coverage/CMakeFiles/tree.dir/Drawer.cpp.gcno
        -:    0:Data:/home/yeawer/tree/cmake-build-debug-coverage/CMakeFiles/tree.dir/Drawer.cpp.gcda
        -:    0:Runs:2
        -:    1:#include<bits/stdc++.h>
        -:    2:#pragma once
        -:    3:
function _ZL10get_randomv called 0 returned 0% blocks executed 0%
    #####:    4:static int64_t get_random() {
    #####:    5:    std::mt19937 rnd(52);
    %%%%%:    5-block  0
call    0 never executed
branch  1 never executed
branch  2 never executed
    #####:    6:    return static_cast<int64_t>(rnd());
    %%%%%:    6-block  0
call    0 never executed
branch  1 never executed
branch  2 never executed
    %%%%%:    6-block  1
    %%%%%:    6-block  2
        -:    7:}
