        -:    0:Source:/home/yeawer/tree/ErrorWindow.cpp
        -:    0:Graph:/home/yeawer/tree/cmake-build-debug-coverage/CMakeFiles/tree.dir/ErrorWindow.cpp.gcno
        -:    0:Data:/home/yeawer/tree/cmake-build-debug-coverage/CMakeFiles/tree.dir/ErrorWindow.cpp.gcda
        -:    0:Runs:1
        -:    1:#include "ErrorWindow.h"
        -:    2:#include<bits/stdc++.h>
        -:    3:#include<SFML/Graphics.hpp>
        -:    4:
function _ZN11ErrorWindowC2ERKNSt7__cxx1112basic_stringIcSt11char_traitsIcESaIcEEE called 0 returned 0% blocks executed 0%
    #####:    5:ErrorWindow::ErrorWindow(const std::string& error)
    #####:    6:        : Error_Window_(sf::VideoMode(1400, 400), "Error") {
    %%%%%:    6-block  0
call    0 never executed
call    1 never executed
call    2 never executed
branch  3 never executed
branch  4 never executed
    %%%%%:    6-block  1
call    5 never executed
branch  6 never executed
branch  7 never executed
    %%%%%:    6-block  2
call    8 never executed
branch  9 never executed
branch 10 never executed
    %%%%%:    6-block  3
call   11 never executed
call   12 never executed
call   13 never executed
call   14 never executed
branch 15 never executed
branch 16 never executed
    %%%%%:    6-block  4
call   17 never executed
branch 18 never executed
branch 19 never executed
    $$$$$:    6-block  5
    $$$$$:    6-block  6
call   20 never executed
    $$$$$:    6-block  7
    $$$$$:    6-block  8
call   21 never executed
    $$$$$:    6-block  9
    $$$$$:    6-block 10
call   22 never executed
    #####:    7:    Error_Window_.setPosition(sf::Vector2i(560, 550));
    %%%%%:    7-block  0
call    0 never executed
call    1 never executed
branch  2 never executed
branch  3 never executed
    $$$$$:    7-block  1
    #####:    8:    message_ = error;
    %%%%%:    8-block  0
call    0 never executed
branch  1 never executed
branch  2 never executed
    #####:    9:    Main_Font_.loadFromFile("/home/yeawer/tree/Hack-Bold.ttf");
    %%%%%:    9-block  0
call    0 never executed
call    1 never executed
branch  2 never executed
branch  3 never executed
    %%%%%:    9-block  1
call    4 never executed
branch  5 never executed
branch  6 never executed
    %%%%%:    9-block  2
call    7 never executed
call    8 never executed
    $$$$$:    9-block  3
call    9 never executed
    $$$$$:    9-block  4
    $$$$$:    9-block  5
call   10 never executed
    $$$$$:    9-block  6
    #####:   10:    Main_Text_.setFont(Main_Font_);
call    0 never executed
branch  1 never executed
branch  2 never executed
    #####:   11:    Main_Text_.setString(error);
    %%%%%:   11-block  0
call    0 never executed
call    1 never executed
branch  2 never executed
branch  3 never executed
    %%%%%:   11-block  1
call    4 never executed
branch  5 never executed
branch  6 never executed
    %%%%%:   11-block  2
call    7 never executed
call    8 never executed
    $$$$$:   11-block  3
call    9 never executed
    $$$$$:   11-block  4
    $$$$$:   11-block  5
call   10 never executed
    $$$$$:   11-block  6
    #####:   12:    Main_Text_.setCharacterSize(140);
call    0 never executed
branch  1 never executed
branch  2 never executed
    #####:   13:    float position_x = (static_cast<float>(Error_Window_.getSize().x) -
    %%%%%:   13-block  0
call    0 never executed
branch  1 never executed
branch  2 never executed
    #####:   14:                        Main_Text_.getLocalBounds().width) / 2;
    %%%%%:   14-block  0
call    0 never executed
branch  1 never executed
branch  2 never executed
    #####:   15:    float position_y = (static_cast<float>(Error_Window_.getSize().y) - Main_Text_.getLocalBounds().height) / 2;
    %%%%%:   15-block  0
call    0 never executed
branch  1 never executed
branch  2 never executed
    %%%%%:   15-block  1
call    3 never executed
branch  4 never executed
branch  5 never executed
    #####:   16:    Main_Text_.setPosition(sf::Vector2f(position_x, position_y));
    %%%%%:   16-block  0
call    0 never executed
call    1 never executed
branch  2 never executed
branch  3 never executed
    $$$$$:   16-block  1
    #####:   17:}
    %%%%%:   17-block  0
    $$$$$:   17-block  1
call    0 never executed
    $$$$$:   17-block  2
call    1 never executed
    $$$$$:   17-block  3
call    2 never executed
    $$$$$:   17-block  4
call    3 never executed
        -:   18:
function _ZN11ErrorWindow7ProcessEv called 0 returned 0% blocks executed 0%
    #####:   19:void ErrorWindow::Process() {
    #####:   20:    int cnt = 0;
    #####:   21:    while (Error_Window_.isOpen()) {
    %%%%%:   21-block  0
    %%%%%:   21-block  1
call    0 never executed
branch  1 never executed
branch  2 never executed
    #####:   22:        while (Error_Window_.pollEvent(Error_Event_)) {
    %%%%%:   22-block  0
    %%%%%:   22-block  1
call    0 never executed
branch  1 never executed
branch  2 never executed
    #####:   23:            if (Error_Event_.type == sf::Event::Closed ||
    %%%%%:   23-block  0
branch  0 never executed
branch  1 never executed
    %%%%%:   23-block  1
    %%%%%:   23-block  2
    %%%%%:   23-block  3
branch  2 never executed
branch  3 never executed
    #####:   24:                Error_Event_.type == sf::Event::KeyPressed &&
    %%%%%:   24-block  0
branch  0 never executed
branch  1 never executed
    #####:   25:                (sf::Keyboard::isKeyPressed(sf::Keyboard::Escape) ||
    %%%%%:   25-block  0
call    0 never executed
branch  1 never executed
branch  2 never executed
    #####:   26:                 sf::Keyboard::isKeyPressed(sf::Keyboard::Enter))) { // close
    %%%%%:   26-block  0
call    0 never executed
branch  1 never executed
branch  2 never executed
    #####:   27:                Error_Window_.close();
    %%%%%:   27-block  0
call    0 never executed
        -:   28:            } else {
    #####:   29:                cnt = 1;
    %%%%%:   29-block  0
        -:   30:            }
        -:   31:        }
    #####:   32:        Error_Window_.clear();
    %%%%%:   32-block  0
call    0 never executed
call    1 never executed
branch  2 never executed
branch  3 never executed
    #####:   33:        Error_Window_.draw(Main_Text_);
    %%%%%:   33-block  0
call    0 never executed
    #####:   34:        Error_Window_.display();
call    0 never executed
        -:   35:    }
    #####:   36:}
    %%%%%:   36-block  0
