        -:    0:Source:/home/yeawer/tree/ErrorWindow.h
        -:    0:Graph:/home/yeawer/tree/cmake-build-debug-coverage/CMakeFiles/tree.dir/First_Extra_Window.cpp.gcno
        -:    0:Data:/home/yeawer/tree/cmake-build-debug-coverage/CMakeFiles/tree.dir/First_Extra_Window.cpp.gcda
        -:    0:Runs:1
        -:    1:#include<SFML/Graphics.hpp>
        -:    2:#pragma once
        -:    3:
        -:    4:class ErrorWindow {
        -:    5:  public:
        -:    6:    ErrorWindow() = default;
function _ZN11ErrorWindowD2Ev called 0 returned 0% blocks executed 0%
    #####:    7:    ~ErrorWindow() = default;
    %%%%%:    7-block  0
call    0 never executed
call    1 never executed
call    2 never executed
call    3 never executed
        -:    8:    explicit ErrorWindow(const std::string& error);
        -:    9:    void Process();
        -:   10:  private:
        -:   11:    sf::RenderWindow Error_Window_;
        -:   12:    sf::Event Error_Event_{};
        -:   13:    std::string message_;
        -:   14:    sf::Font Main_Font_;
        -:   15:    sf::Text Main_Text_;
        -:   16:};
