        -:    0:Source:/home/yeawer/tree/First_Extra_Window.h
        -:    0:Graph:/home/yeawer/tree/cmake-build-debug-coverage/CMakeFiles/tree.dir/First_Extra_Window.cpp.gcno
        -:    0:Data:/home/yeawer/tree/cmake-build-debug-coverage/CMakeFiles/tree.dir/First_Extra_Window.cpp.gcda
        -:    0:Runs:1
        -:    1:#include<SFML/Graphics.hpp>
        -:    2:#pragma once
        -:    3:
        -:    4:class First_Extra_Window {
        -:    5:public:
        -:    6:    First_Extra_Window();
        -:    7:    ~First_Extra_Window() = default;
        -:    8:    void Events();
        -:    9:    void Draw() noexcept;
        -:   10:    void FindErrors();
        -:   11:    std::string Process();
        -:   12:private:
        -:   13:    sf::Font User_Font;
        -:   14:    sf::Text User_Text;
        -:   15:    struct WINDOW {
        -:   16:        sf::Color COLOR = sf::Color::Green;
        -:   17:        sf::Vector2f position = {0, 0};
        -:   18:        sf::Vector2f size = {0, 0};
function _ZN18First_Extra_Window6WINDOWC2Ev called 2 returned 100% blocks executed 100%
        2:   19:        WINDOW() = default;
        2:   19-block  0
call    0 returned 2
call    1 returned 2
        -:   20:        ~WINDOW() = default;
        -:   21:    };
        -:   22:    std::string Input_String_;
        -:   23:    static constexpr int32_t WINDOW_W_ = 1500;
        -:   24:    static constexpr int32_t WINDOW_H_ = 750;
        -:   25:    sf::RenderWindow Main_Window_;
        -:   26:    sf::Event Main_Event_{};
        -:   27:    WINDOW Main_Box_;
        -:   28:};
        -:   29:
