        -:    0:Source:/home/yeawer/tree/Boxed.h
        -:    0:Graph:/home/yeawer/tree/cmake-build-debug-coverage/CMakeFiles/tree.dir/Info_Extra_Window.cpp.gcno
        -:    0:Data:/home/yeawer/tree/cmake-build-debug-coverage/CMakeFiles/tree.dir/Info_Extra_Window.cpp.gcda
        -:    0:Runs:1
        -:    1:#include<SFML/Graphics.hpp>
        -:    2:#pragma once
        -:    3:
function _ZL7DrawBoxRN2sf12RenderWindowERNS_7Vector2IfEES4_NS_5ColorE called 42606 returned 100% blocks executed 73%
    42606:    4:static void DrawBox(sf::RenderWindow& Main_Window, sf::Vector2f& position,
        -:    5:             sf::Vector2f& size, sf::Color COLOR = sf::Color::White) {
        -:    6:    sf::Vertex line1[] = {
    #####:    7:            sf::Vertex(sf::Vector2f(position.x, position.y), COLOR),
    $$$$$:    7-block  0
    #####:    8:            sf::Vertex(sf::Vector2f(position.x + size.x, position.y),COLOR)
    $$$$$:    8-block  0
    42606:    9:    };
    42606:    9-block  0
call    0 returned 42606
call    1 returned 42606
branch  2 taken 42606 (fallthrough)
branch  3 taken 0 (throw)
    42606:    9-block  1
call    4 returned 42606
call    5 returned 42606
branch  6 taken 42606 (fallthrough)
branch  7 taken 0 (throw)
        -:   10:    sf::Vertex line2[] = {
    #####:   11:            sf::Vertex(sf::Vector2f(position.x, position.y), COLOR),
    $$$$$:   11-block  0
    #####:   12:            sf::Vertex(sf::Vector2f(position.x, position.y + size.y), COLOR)
    $$$$$:   12-block  0
    42606:   13:    };
    42606:   13-block  0
call    0 returned 42606
call    1 returned 42606
branch  2 taken 42606 (fallthrough)
branch  3 taken 0 (throw)
    42606:   13-block  1
call    4 returned 42606
call    5 returned 42606
branch  6 taken 42606 (fallthrough)
branch  7 taken 0 (throw)
        -:   14:    sf::Vertex line3[] = {
    #####:   15:            sf::Vertex(sf::Vector2f(position.x + size.x, position.y), COLOR),
    $$$$$:   15-block  0
    #####:   16:            sf::Vertex(sf::Vector2f(position.x + size.x, position.y + size.y), COLOR)
    $$$$$:   16-block  0
    42606:   17:    };
    42606:   17-block  0
call    0 returned 42606
call    1 returned 42606
branch  2 taken 42606 (fallthrough)
branch  3 taken 0 (throw)
    42606:   17-block  1
call    4 returned 42606
call    5 returned 42606
branch  6 taken 42606 (fallthrough)
branch  7 taken 0 (throw)
        -:   18:    sf::Vertex line4[] = {
    #####:   19:            sf::Vertex(sf::Vector2f(position.x, position.y + size.y), COLOR),
    $$$$$:   19-block  0
    #####:   20:            sf::Vertex(sf::Vector2f(position.x + size.x, position.y + size.y), COLOR)
    $$$$$:   20-block  0
    42606:   21:    };
    42606:   21-block  0
call    0 returned 42606
call    1 returned 42606
branch  2 taken 42606 (fallthrough)
branch  3 taken 0 (throw)
    42606:   21-block  1
call    4 returned 42606
call    5 returned 42606
branch  6 taken 42606 (fallthrough)
branch  7 taken 0 (throw)
    42606:   22:    Main_Window.draw(line1, 2, sf::Lines);
    42606:   22-block  0
call    0 returned 42606
branch  1 taken 42606 (fallthrough)
branch  2 taken 0 (throw)
    42606:   23:    Main_Window.draw(line2, 2, sf::Lines);
    42606:   23-block  0
call    0 returned 42606
branch  1 taken 42606 (fallthrough)
branch  2 taken 0 (throw)
    42606:   24:    Main_Window.draw(line3, 2, sf::Lines);
    42606:   24-block  0
call    0 returned 42606
branch  1 taken 42606 (fallthrough)
branch  2 taken 0 (throw)
    42606:   25:    Main_Window.draw(line4, 2, sf::Lines);
    42606:   25-block  0
call    0 returned 42606
branch  1 taken 42606 (fallthrough)
branch  2 taken 0 (throw)
    42606:   26:}
    42606:   26-block  0
        -:   27:
function _ZL13DrawTextInBoxRN2sf12RenderWindowERNS_7Vector2IfEES4_RNSt7__cxx1112basic_stringIcSt11char_traitsIcESaIcEEENS_4TextEii called 42606 returned 100% blocks executed 72%
    42606:   28:static void DrawTextInBox(sf::RenderWindow& Main_Window, sf::Vector2f& position,
        -:   29:                   sf::Vector2f& size, std::string& Output_String, sf::Text Output_Text, int start_pos = 0,
        -:   30:                   int Text_Size = 110) {
    42606:   31:    Output_Text.setCharacterSize(Text_Size);
    42606:   31-block  0
call    0 returned 42606
branch  1 taken 42606 (fallthrough)
branch  2 taken 0 (throw)
    42606:   32:    std::string res;
    42606:   32-block  0
call    0 returned 42606
   589383:   33:    for (int i = start_pos; i < Output_String.size(); ++i) {
   546777:   33-block  0
   589383:   33-block  1
call    0 returned 589383
branch  1 taken 553878
branch  2 taken 35505 (fallthrough)
   553878:   34:        res += Output_String[i];
   553878:   34-block  0
call    0 returned 553878
branch  1 taken 553878 (fallthrough)
branch  2 taken 0 (throw)
   553878:   34-block  1
call    3 returned 553878
branch  4 taken 553878 (fallthrough)
branch  5 taken 0 (throw)
   553878:   35:        Output_Text.setString(res);
   553878:   35-block  0
call    0 returned 553878
call    1 returned 553878
branch  2 taken 553878 (fallthrough)
branch  3 taken 0 (throw)
   553878:   35-block  1
call    4 returned 553878
branch  5 taken 553878 (fallthrough)
branch  6 taken 0 (throw)
   553878:   35-block  2
call    7 returned 553878
call    8 returned 553878
    $$$$$:   35-block  3
call    9 never executed
    $$$$$:   35-block  4
    $$$$$:   35-block  5
call   10 never executed
    $$$$$:   35-block  6
   553878:   36:        if (Output_Text.getLocalBounds().width > size.x - static_cast<float>(Text_Size) / 2) {
call    0 returned 553878
branch  1 taken 553878 (fallthrough)
branch  2 taken 0 (throw)
   553878:   36-block  0
branch  3 taken 7101 (fallthrough)
branch  4 taken 546777
     7101:   37:            break;
     7101:   37-block  0
        -:   38:        }
        -:   39:    }
    42606:   40:    double x_position = position.x;
    42606:   41:    double y_position = position.y + (size.y - Output_Text.getLocalBounds().height) / 2;
    42606:   41-block  0
call    0 returned 42606
branch  1 taken 42606 (fallthrough)
branch  2 taken 0 (throw)
    42606:   42:    Output_Text.setPosition(sf::Vector2f(static_cast<float>(x_position),
    42606:   42-block  0
call    0 returned 42606
call    1 returned 42606
branch  2 taken 42606 (fallthrough)
branch  3 taken 0 (throw)
    $$$$$:   42-block  1
        -:   43:                                         static_cast<float>(y_position)));
    42606:   44:    Main_Window.draw(Output_Text);
    42606:   44-block  0
call    0 returned 42606
branch  1 taken 42606 (fallthrough)
branch  2 taken 0 (throw)
    42606:   45:}
    42606:   45-block  0
call    0 returned 42606
    $$$$$:   45-block  1
call    1 never executed
