        -:    0:Source:/home/yeawer/tree/Boxed.h
        -:    0:Graph:/home/yeawer/tree/cmake-build-debug-coverage/CMakeFiles/tree.dir/Info_Extra_Window.cpp.gcno
        -:    0:Data:/home/yeawer/tree/cmake-build-debug-coverage/CMakeFiles/tree.dir/Info_Extra_Window.cpp.gcda
        -:    0:Runs:1
        -:    1:#include<SFML/Graphics.hpp>
        -:    2:using namespace sf;
        -:    3:#pragma once
        -:    4:
function _ZL7DrawBoxRN2sf12RenderWindowERNS_7Vector2IfEES4_NS_5ColorE called 56154 returned 100% blocks executed 73%
    56154:    5:static void DrawBox(sf::RenderWindow& Main_Window, sf::Vector2f& position,
        -:    6:             sf::Vector2f& size, sf::Color COLOR = sf::Color::White) {
        -:    7:    sf::Vertex line1[] = {
    #####:    8:            Vertex(sf::Vector2f(position.x, position.y), COLOR),
    $$$$$:    8-block  0
    #####:    9:            Vertex(sf::Vector2f(position.x + size.x, position.y),COLOR)
    $$$$$:    9-block  0
    56154:   10:    };
    56154:   10-block  0
call    0 returned 56154
call    1 returned 56154
branch  2 taken 56154 (fallthrough)
branch  3 taken 0 (throw)
    56154:   10-block  1
call    4 returned 56154
call    5 returned 56154
branch  6 taken 56154 (fallthrough)
branch  7 taken 0 (throw)
        -:   11:    sf::Vertex line2[] = {
    #####:   12:            Vertex(sf::Vector2f(position.x, position.y), COLOR),
    $$$$$:   12-block  0
    #####:   13:            Vertex(sf::Vector2f(position.x, position.y + size.y), COLOR)
    $$$$$:   13-block  0
    56154:   14:    };
    56154:   14-block  0
call    0 returned 56154
call    1 returned 56154
branch  2 taken 56154 (fallthrough)
branch  3 taken 0 (throw)
    56154:   14-block  1
call    4 returned 56154
call    5 returned 56154
branch  6 taken 56154 (fallthrough)
branch  7 taken 0 (throw)
        -:   15:    sf::Vertex line3[] = {
    #####:   16:            Vertex(sf::Vector2f(position.x + size.x, position.y), COLOR),
    $$$$$:   16-block  0
    #####:   17:            Vertex(sf::Vector2f(position.x + size.x, position.y + size.y), COLOR)
    $$$$$:   17-block  0
    56154:   18:    };
    56154:   18-block  0
call    0 returned 56154
call    1 returned 56154
branch  2 taken 56154 (fallthrough)
branch  3 taken 0 (throw)
    56154:   18-block  1
call    4 returned 56154
call    5 returned 56154
branch  6 taken 56154 (fallthrough)
branch  7 taken 0 (throw)
        -:   19:    sf::Vertex line4[] = {
    #####:   20:            Vertex(sf::Vector2f(position.x, position.y + size.y), COLOR),
    $$$$$:   20-block  0
    #####:   21:            Vertex(sf::Vector2f(position.x + size.x, position.y + size.y), COLOR)
    $$$$$:   21-block  0
    56154:   22:    };
    56154:   22-block  0
call    0 returned 56154
call    1 returned 56154
branch  2 taken 56154 (fallthrough)
branch  3 taken 0 (throw)
    56154:   22-block  1
call    4 returned 56154
call    5 returned 56154
branch  6 taken 56154 (fallthrough)
branch  7 taken 0 (throw)
    56154:   23:    Main_Window.draw(line1, 2, sf::Lines);
    56154:   23-block  0
call    0 returned 56154
branch  1 taken 56154 (fallthrough)
branch  2 taken 0 (throw)
    56154:   24:    Main_Window.draw(line2, 2, sf::Lines);
    56154:   24-block  0
call    0 returned 56154
branch  1 taken 56154 (fallthrough)
branch  2 taken 0 (throw)
    56154:   25:    Main_Window.draw(line3, 2, sf::Lines);
    56154:   25-block  0
call    0 returned 56154
branch  1 taken 56154 (fallthrough)
branch  2 taken 0 (throw)
    56154:   26:    Main_Window.draw(line4, 2, sf::Lines);
    56154:   26-block  0
call    0 returned 56154
branch  1 taken 56154 (fallthrough)
branch  2 taken 0 (throw)
    56154:   27:}
    56154:   27-block  0
        -:   28:
function _ZL13DrawTextInBoxRN2sf12RenderWindowERNS_7Vector2IfEES4_RNSt7__cxx1112basic_stringIcSt11char_traitsIcESaIcEEENS_4TextEii called 56154 returned 100% blocks executed 69%
    56154:   29:static void DrawTextInBox(sf::RenderWindow& Main_Window, sf::Vector2f& position,
        -:   30:                   sf::Vector2f& size, std::string& Output_String, sf::Text Output_Text, int start_pos = 0,
        -:   31:                   int Text_Size = 110) {
    56154:   32:    Output_Text.setCharacterSize(Text_Size);
    56154:   32-block  0
call    0 returned 56154
branch  1 taken 56154 (fallthrough)
branch  2 taken 0 (throw)
    56154:   33:    std::string res;
    56154:   33-block  0
call    0 returned 56154
   608335:   34:    for (int i = start_pos; i < Output_String.size(); ++i) {
   552181:   34-block  0
   608335:   34-block  1
call    0 returned 608335
branch  1 taken 552181
branch  2 taken 56154 (fallthrough)
   552181:   35:        res += Output_String[i];
   552181:   35-block  0
call    0 returned 552181
branch  1 taken 552181 (fallthrough)
branch  2 taken 0 (throw)
   552181:   35-block  1
call    3 returned 552181
branch  4 taken 552181 (fallthrough)
branch  5 taken 0 (throw)
   552181:   36:        Output_Text.setString(res);
   552181:   36-block  0
call    0 returned 552181
call    1 returned 552181
branch  2 taken 552181 (fallthrough)
branch  3 taken 0 (throw)
   552181:   36-block  1
call    4 returned 552181
branch  5 taken 552181 (fallthrough)
branch  6 taken 0 (throw)
   552181:   36-block  2
call    7 returned 552181
call    8 returned 552181
    $$$$$:   36-block  3
call    9 never executed
    $$$$$:   36-block  4
    $$$$$:   36-block  5
call   10 never executed
    $$$$$:   36-block  6
   552181:   37:        if (Output_Text.getLocalBounds().width > size.x - static_cast<float>(Text_Size) / 2) {
call    0 returned 552181
branch  1 taken 552181 (fallthrough)
branch  2 taken 0 (throw)
   552181:   37-block  0
branch  3 taken 0 (fallthrough)
branch  4 taken 552181
    #####:   38:            break;
    %%%%%:   38-block  0
        -:   39:        }
        -:   40:    }
    56154:   41:    double x_position = position.x;
    56154:   42:    double y_position = position.y + (size.y - Output_Text.getLocalBounds().height) / 2;
    56154:   42-block  0
call    0 returned 56154
branch  1 taken 56154 (fallthrough)
branch  2 taken 0 (throw)
    56154:   43:    Output_Text.setPosition(sf::Vector2f(static_cast<float>(x_position),
    56154:   43-block  0
call    0 returned 56154
call    1 returned 56154
branch  2 taken 56154 (fallthrough)
branch  3 taken 0 (throw)
    $$$$$:   43-block  1
        -:   44:                                         static_cast<float>(y_position)));
    56154:   45:    Main_Window.draw(Output_Text);
    56154:   45-block  0
call    0 returned 56154
branch  1 taken 56154 (fallthrough)
branch  2 taken 0 (throw)
    56154:   46:}
    56154:   46-block  0
call    0 returned 56154
    $$$$$:   46-block  1
call    1 never executed
