        -:    0:Source:/home/yeawer/tree/Random.h
        -:    0:Graph:/home/yeawer/tree/cmake-build-debug-coverage/CMakeFiles/tree.dir/Main_File.cpp.gcno
        -:    0:Data:/home/yeawer/tree/cmake-build-debug-coverage/CMakeFiles/tree.dir/Main_File.cpp.gcda
        -:    0:Runs:1
        -:    1:#include<bits/stdc++.h>
        -:    2:#pragma once
        -:    3:
function _ZL10get_randomv called 0 returned 0% blocks executed 0%
    #####:    4:static int64_t get_random() {
    #####:    5:    std::mt19937 rnd(std::chrono::high_resolution_clock::now().time_since_epoch().count());
    %%%%%:    5-block  0
call    0 never executed
call    1 never executed
call    2 never executed
call    3 never executed
branch  4 never executed
branch  5 never executed
    $$$$$:    5-block  1
    $$$$$:    5-block  2
    #####:    6:    return static_cast<int64_t>(rnd());
    %%%%%:    6-block  0
call    0 never executed
branch  1 never executed
branch  2 never executed
    %%%%%:    6-block  1
    %%%%%:    6-block  2
        -:    7:}
