        -:    0:Source:/home/yeawer/tree/KeyBoard.h
        -:    0:Graph:/home/yeawer/tree/cmake-build-debug-coverage/CMakeFiles/tree.dir/Main_File.cpp.gcno
        -:    0:Data:/home/yeawer/tree/cmake-build-debug-coverage/CMakeFiles/tree.dir/Main_File.cpp.gcda
        -:    0:Runs:1
        -:    1:#pragma once
        -:    2:using namespace sf;
        -:    3:
function _ZL13Input_Lettersv called 0 returned 0% blocks executed 0%
    #####:    4:static std::string Input_Letters() {
    #####:    5:    if (Keyboard::isKeyPressed(Keyboard::Num1)) {
    %%%%%:    5-block  0
call    0 never executed
branch  1 never executed
branch  2 never executed
    #####:    6:        return "1";
    %%%%%:    6-block  0
call    0 never executed
call    1 never executed
branch  2 never executed
branch  3 never executed
    %%%%%:    6-block  1
call    4 never executed
    $$$$$:    6-block  2
call    5 never executed
    $$$$$:    6-block  3
call    6 never executed
    #####:    7:    } else if (Keyboard::isKeyPressed(Keyboard::Num2)) {
    %%%%%:    7-block  0
call    0 never executed
branch  1 never executed
branch  2 never executed
    #####:    8:        return "2";
    %%%%%:    8-block  0
call    0 never executed
call    1 never executed
branch  2 never executed
branch  3 never executed
    %%%%%:    8-block  1
call    4 never executed
    $$$$$:    8-block  2
call    5 never executed
    $$$$$:    8-block  3
call    6 never executed
    #####:    9:    } else if (Keyboard::isKeyPressed(Keyboard::Num3)) {
    %%%%%:    9-block  0
call    0 never executed
branch  1 never executed
branch  2 never executed
    #####:   10:        return "3";
    %%%%%:   10-block  0
call    0 never executed
call    1 never executed
branch  2 never executed
branch  3 never executed
    %%%%%:   10-block  1
call    4 never executed
    $$$$$:   10-block  2
call    5 never executed
    $$$$$:   10-block  3
call    6 never executed
    #####:   11:    } else if (Keyboard::isKeyPressed(Keyboard::Num4)) {
    %%%%%:   11-block  0
call    0 never executed
branch  1 never executed
branch  2 never executed
    #####:   12:        return "4";
    %%%%%:   12-block  0
call    0 never executed
call    1 never executed
branch  2 never executed
branch  3 never executed
    %%%%%:   12-block  1
call    4 never executed
    $$$$$:   12-block  2
call    5 never executed
    $$$$$:   12-block  3
call    6 never executed
    #####:   13:    } else if (Keyboard::isKeyPressed(Keyboard::Num5)) {
    %%%%%:   13-block  0
call    0 never executed
branch  1 never executed
branch  2 never executed
    #####:   14:        return "5";
    %%%%%:   14-block  0
call    0 never executed
call    1 never executed
branch  2 never executed
branch  3 never executed
    %%%%%:   14-block  1
call    4 never executed
    $$$$$:   14-block  2
call    5 never executed
    $$$$$:   14-block  3
call    6 never executed
    #####:   15:    } else if (Keyboard::isKeyPressed(Keyboard::Num6)) {
    %%%%%:   15-block  0
call    0 never executed
branch  1 never executed
branch  2 never executed
    #####:   16:        return "6";
    %%%%%:   16-block  0
call    0 never executed
call    1 never executed
branch  2 never executed
branch  3 never executed
    %%%%%:   16-block  1
call    4 never executed
    $$$$$:   16-block  2
call    5 never executed
    $$$$$:   16-block  3
call    6 never executed
    #####:   17:    } else if (Keyboard::isKeyPressed(Keyboard::Num7)) {
    %%%%%:   17-block  0
call    0 never executed
branch  1 never executed
branch  2 never executed
    #####:   18:        return "7";
    %%%%%:   18-block  0
call    0 never executed
call    1 never executed
branch  2 never executed
branch  3 never executed
    %%%%%:   18-block  1
call    4 never executed
    $$$$$:   18-block  2
call    5 never executed
    $$$$$:   18-block  3
call    6 never executed
    #####:   19:    } else if (Keyboard::isKeyPressed(Keyboard::Num8)) {
    %%%%%:   19-block  0
call    0 never executed
branch  1 never executed
branch  2 never executed
    #####:   20:        return "8";
    %%%%%:   20-block  0
call    0 never executed
call    1 never executed
branch  2 never executed
branch  3 never executed
    %%%%%:   20-block  1
call    4 never executed
    $$$$$:   20-block  2
call    5 never executed
    $$$$$:   20-block  3
call    6 never executed
    #####:   21:    } else if (Keyboard::isKeyPressed(Keyboard::Num9)) {
    %%%%%:   21-block  0
call    0 never executed
branch  1 never executed
branch  2 never executed
    #####:   22:        return "9";
    %%%%%:   22-block  0
call    0 never executed
call    1 never executed
branch  2 never executed
branch  3 never executed
    %%%%%:   22-block  1
call    4 never executed
    $$$$$:   22-block  2
call    5 never executed
    $$$$$:   22-block  3
call    6 never executed
    #####:   23:    } else if (Keyboard::isKeyPressed(Keyboard::Num0)) {
    %%%%%:   23-block  0
call    0 never executed
branch  1 never executed
branch  2 never executed
    #####:   24:        return "0";
    %%%%%:   24-block  0
call    0 never executed
call    1 never executed
branch  2 never executed
branch  3 never executed
    %%%%%:   24-block  1
call    4 never executed
    $$$$$:   24-block  2
call    5 never executed
    $$$$$:   24-block  3
call    6 never executed
    #####:   25:    } else if (Keyboard::isKeyPressed(Keyboard::Hyphen) ||
    %%%%%:   25-block  0
call    0 never executed
branch  1 never executed
branch  2 never executed
    %%%%%:   25-block  1
    %%%%%:   25-block  2
    %%%%%:   25-block  3
branch  3 never executed
branch  4 never executed
    #####:   26:               Keyboard::isKeyPressed(Keyboard::Subtract)) {
    %%%%%:   26-block  0
call    0 never executed
branch  1 never executed
branch  2 never executed
    #####:   27:        return "-";
    %%%%%:   27-block  0
call    0 never executed
call    1 never executed
branch  2 never executed
branch  3 never executed
    %%%%%:   27-block  1
call    4 never executed
    $$$$$:   27-block  2
call    5 never executed
    $$$$$:   27-block  3
call    6 never executed
        -:   28:    }
    #####:   29:    else if (Keyboard::isKeyPressed(Keyboard::BackSpace)) {
    %%%%%:   29-block  0
call    0 never executed
branch  1 never executed
branch  2 never executed
    #####:   30:        return "$";
    %%%%%:   30-block  0
call    0 never executed
call    1 never executed
branch  2 never executed
branch  3 never executed
    %%%%%:   30-block  1
call    4 never executed
    $$$$$:   30-block  2
call    5 never executed
    $$$$$:   30-block  3
call    6 never executed
        -:   31:    }
    #####:   32:    return "";
    %%%%%:   32-block  0
call    0 never executed
call    1 never executed
branch  2 never executed
branch  3 never executed
    %%%%%:   32-block  1
call    4 never executed
    $$$$$:   32-block  2
call    5 never executed
        -:   33:}
