        -:    0:Source:/home/yeawer/tree/Second_Extra_Window.h
        -:    0:Graph:/home/yeawer/tree/cmake-build-debug-coverage/CMakeFiles/tree.dir/Second_Extra_Window.cpp.gcno
        -:    0:Data:/home/yeawer/tree/cmake-build-debug-coverage/CMakeFiles/tree.dir/Second_Extra_Window.cpp.gcda
        -:    0:Runs:1
        -:    1:#include<bits/stdc++.h>
        -:    2:#include<SFML/Graphics.hpp>
        -:    3:#pragma once
        -:    4:
        -:    5:class Second_Extra_Window {
        -:    6:public:
        -:    7:    Second_Extra_Window();
        -:    8:    ~Second_Extra_Window() = default;
        -:    9:    void Events();
        -:   10:    void Draw() noexcept;
        -:   11:    void FindErrors();
        -:   12:    std::string Process();
        -:   13:
        -:   14:private:
        -:   15:    sf::Font User_Font;
        -:   16:    sf::Text User_Text;
        -:   17:    struct WINDOW {
        -:   18:        sf::Color COLOR = sf::Color::Green;
        -:   19:        sf::Vector2f position = {0, 0};
        -:   20:        sf::Vector2f size = {0, 0};
function _ZN19Second_Extra_Window6WINDOWC2Ev called 0 returned 0% blocks executed 0%
    #####:   21:        WINDOW() = default;
    %%%%%:   21-block  0
call    0 never executed
call    1 never executed
        -:   22:        ~WINDOW() = default;
        -:   23:    };
        -:   24:    std::string Input_String_;
        -:   25:    static constexpr int32_t WINDOW_W_ = 1500;
        -:   26:    static constexpr int32_t WINDOW_H_ = 750;
        -:   27:    sf::RenderWindow Main_Window_;
        -:   28:    sf::Event Main_Event_{};
        -:   29:    WINDOW Main_Box_;
        -:   30:};
        -:   31:
