        -:    0:Source:/home/yeawer/tree/Second_Extra_Window.cpp
        -:    0:Graph:/home/yeawer/tree/cmake-build-debug-coverage/CMakeFiles/tree.dir/Second_Extra_Window.cpp.gcno
        -:    0:Data:/home/yeawer/tree/cmake-build-debug-coverage/CMakeFiles/tree.dir/Second_Extra_Window.cpp.gcda
        -:    0:Runs:1
        -:    1:#include "Second_Extra_Window.h"
        -:    2:#include<SFML/Graphics.hpp>
        -:    3:#include"Boxed.h"
        -:    4:#include"KeyBoard.h"
        -:    5:#include"ErrorWindow.h"
        -:    6:
function _ZN19Second_Extra_WindowC2Ev called 0 returned 0% blocks executed 0%
    #####:    7:Second_Extra_Window::Second_Extra_Window() :
    #####:    8:    Main_Window_(VideoMode(WINDOW_W_, WINDOW_H_), "extra_meow") {
    %%%%%:    8-block  0
call    0 never executed
call    1 never executed
branch  2 never executed
branch  3 never executed
    %%%%%:    8-block  1
call    4 never executed
call    5 never executed
call    6 never executed
call    7 never executed
branch  8 never executed
branch  9 never executed
    %%%%%:    8-block  2
call   10 never executed
branch 11 never executed
branch 12 never executed
    %%%%%:    8-block  3
call   13 never executed
branch 14 never executed
branch 15 never executed
    %%%%%:    8-block  4
call   16 never executed
call   17 never executed
call   18 never executed
branch 19 never executed
branch 20 never executed
    $$$$$:    8-block  5
    $$$$$:    8-block  6
call   21 never executed
    $$$$$:    8-block  7
    $$$$$:    8-block  8
call   22 never executed
    $$$$$:    8-block  9
    $$$$$:    8-block 10
    #####:    9:    Main_Box_.size = {1250, 150};
    %%%%%:    9-block  0
call    0 never executed
    #####:   10:    Main_Box_.position = {(static_cast<float>(WINDOW_W_) - Main_Box_.size.x) / 2.f,
    #####:   11:                          (static_cast<float>(WINDOW_H_) - Main_Box_.size.y) / 2.f};
call    0 never executed
    #####:   12:    Main_Window_.setPosition(Vector2i(500, 500));
call    0 never executed
call    1 never executed
branch  2 never executed
branch  3 never executed
    $$$$$:   12-block  0
    #####:   13:    User_Font.loadFromFile("/home/yeawer/tree/Hack-Bold.ttf");
    %%%%%:   13-block  0
call    0 never executed
call    1 never executed
branch  2 never executed
branch  3 never executed
    %%%%%:   13-block  1
call    4 never executed
branch  5 never executed
branch  6 never executed
    %%%%%:   13-block  2
call    7 never executed
call    8 never executed
    $$$$$:   13-block  3
call    9 never executed
    $$$$$:   13-block  4
    $$$$$:   13-block  5
call   10 never executed
    $$$$$:   13-block  6
    #####:   14:    User_Text.setFont(User_Font);
call    0 never executed
branch  1 never executed
branch  2 never executed
    #####:   15:}
    %%%%%:   15-block  0
    $$$$$:   15-block  1
call    0 never executed
    $$$$$:   15-block  2
call    1 never executed
    $$$$$:   15-block  3
call    2 never executed
    $$$$$:   15-block  4
call    3 never executed
        -:   16:
function _ZN19Second_Extra_Window6EventsEv called 0 returned 0% blocks executed 0%
    #####:   17:void Second_Extra_Window::Events() {
    #####:   18:    while (Main_Window_.pollEvent(Main_Event_)) {
    %%%%%:   18-block  0
    %%%%%:   18-block  1
call    0 never executed
branch  1 never executed
branch  2 never executed
    #####:   19:        if (Main_Event_.type == sf::Event::Closed ||
    %%%%%:   19-block  0
branch  0 never executed
branch  1 never executed
    %%%%%:   19-block  1
    %%%%%:   19-block  2
    %%%%%:   19-block  3
branch  2 never executed
branch  3 never executed
    #####:   20:        Main_Event_.type == sf::Event::KeyPressed &&
    %%%%%:   20-block  0
branch  0 never executed
branch  1 never executed
    #####:   21:        (Keyboard::isKeyPressed(sf::Keyboard::Escape) ||
    %%%%%:   21-block  0
call    0 never executed
branch  1 never executed
branch  2 never executed
    #####:   22:        Keyboard::isKeyPressed(sf::Keyboard::Enter))) { // close
    %%%%%:   22-block  0
call    0 never executed
branch  1 never executed
branch  2 never executed
    #####:   23:            Main_Window_.close();
    %%%%%:   23-block  0
call    0 never executed
    #####:   24:        } else if (Main_Event_.type == Event::KeyPressed) { // add letter
    %%%%%:   24-block  0
branch  0 never executed
branch  1 never executed
    #####:   25:            std::string pl = Input_Letters();
    %%%%%:   25-block  0
call    0 never executed
branch  1 never executed
branch  2 never executed
    #####:   26:            if (pl == "$") {
    %%%%%:   26-block  0
call    0 never executed
branch  1 never executed
branch  2 never executed
    #####:   27:                if (!Input_String_.empty()) {
    %%%%%:   27-block  0
call    0 never executed
branch  1 never executed
branch  2 never executed
    #####:   28:                    Input_String_.pop_back();
    %%%%%:   28-block  0
call    0 never executed
        -:   29:                }
        -:   30:            } else {
    #####:   31:                Input_String_ += pl;
    %%%%%:   31-block  0
call    0 never executed
branch  1 never executed
branch  2 never executed
        -:   32:            }
    #####:   33:        }
    %%%%%:   33-block  0
call    0 never executed
    $$$$$:   33-block  1
call    1 never executed
        -:   34:    }
    #####:   35:}
    %%%%%:   35-block  0
        -:   36:
function _ZN19Second_Extra_Window4DrawEv called 0 returned 0% blocks executed 0%
    #####:   37:void Second_Extra_Window::Draw() noexcept {
    #####:   38:    Main_Window_.clear();
    %%%%%:   38-block  0
call    0 never executed
call    1 never executed
    #####:   39:    DrawBox(Main_Window_, Main_Box_.position, Main_Box_.size, Main_Box_.COLOR);
call    0 never executed
    #####:   40:    DrawTextInBox(Main_Window_, Main_Box_.position, Main_Box_.size, Input_String_,
call    0 never executed
call    1 never executed
    #####:   41:                  User_Text);
call    0 never executed
    #####:   42:    Main_Window_.display();
call    0 never executed
    #####:   43:}
        -:   44:
function _ZN19Second_Extra_Window10FindErrorsEv called 0 returned 0% blocks executed 0%
    #####:   45:void Second_Extra_Window::FindErrors() {
    #####:   46:    if (Input_String_.empty()) {
    %%%%%:   46-block  0
call    0 never executed
branch  1 never executed
branch  2 never executed
    #####:   47:            return;
    %%%%%:   47-block  0
        -:   48:        }
    #####:   49:        if (Input_String_[0] == '-' && Input_String_.size() == 1) {
    %%%%%:   49-block  0
call    0 never executed
branch  1 never executed
branch  2 never executed
    %%%%%:   49-block  1
call    3 never executed
branch  4 never executed
branch  5 never executed
    %%%%%:   49-block  2
    %%%%%:   49-block  3
    %%%%%:   49-block  4
branch  6 never executed
branch  7 never executed
    #####:   50:            throw std::string{"not num"};
    %%%%%:   50-block  0
call    0 never executed
call    1 never executed
call    2 never executed
branch  3 never executed
branch  4 never executed
    %%%%%:   50-block  1
call    5 never executed
call    6 never executed
    $$$$$:   50-block  2
call    7 never executed
    $$$$$:   50-block  3
    $$$$$:   50-block  4
call    8 never executed
        -:   51:        }
    #####:   52:        if (Input_String_.find('-') != std::string::npos) {
    %%%%%:   52-block  0
call    0 never executed
branch  1 never executed
branch  2 never executed
    #####:   53:            throw std::string{"minus..."};
    %%%%%:   53-block  0
call    0 never executed
call    1 never executed
call    2 never executed
branch  3 never executed
branch  4 never executed
    %%%%%:   53-block  1
call    5 never executed
call    6 never executed
    $$$$$:   53-block  2
call    7 never executed
    $$$$$:   53-block  3
    $$$$$:   53-block  4
call    8 never executed
        -:   54:        }
    #####:   55:        if (Input_String_[0] == '0' && Input_String_.size() > 1) {
    %%%%%:   55-block  0
call    0 never executed
branch  1 never executed
branch  2 never executed
    %%%%%:   55-block  1
call    3 never executed
branch  4 never executed
branch  5 never executed
    %%%%%:   55-block  2
    %%%%%:   55-block  3
    %%%%%:   55-block  4
branch  6 never executed
branch  7 never executed
    #####:   56:            throw std::string{"0 isn't first"};
    %%%%%:   56-block  0
call    0 never executed
call    1 never executed
call    2 never executed
branch  3 never executed
branch  4 never executed
    %%%%%:   56-block  1
call    5 never executed
call    6 never executed
    $$$$$:   56-block  2
call    7 never executed
    $$$$$:   56-block  3
    $$$$$:   56-block  4
call    8 never executed
        -:   57:        }
    #####:   58:        if (Input_String_.size() >= 7) {
    %%%%%:   58-block  0
call    0 never executed
branch  1 never executed
branch  2 never executed
    #####:   59:            throw std::string{"big size"};
    %%%%%:   59-block  0
call    0 never executed
call    1 never executed
call    2 never executed
branch  3 never executed
branch  4 never executed
    %%%%%:   59-block  1
call    5 never executed
call    6 never executed
    $$$$$:   59-block  2
call    7 never executed
    $$$$$:   59-block  3
    $$$$$:   59-block  4
call    8 never executed
        -:   60:        }
    #####:   61:        int64_t num = stoi(Input_String_);
    %%%%%:   61-block  0
call    0 never executed
    #####:   62:        if (num > 32768) {
branch  0 never executed
branch  1 never executed
    #####:   63:            throw std::string{"big size"};
    %%%%%:   63-block  0
call    0 never executed
call    1 never executed
call    2 never executed
branch  3 never executed
branch  4 never executed
    %%%%%:   63-block  1
call    5 never executed
call    6 never executed
    $$$$$:   63-block  2
call    7 never executed
    $$$$$:   63-block  3
    $$$$$:   63-block  4
call    8 never executed
        -:   64:        }
        -:   65:    }
        -:   66:
function _ZN19Second_Extra_Window7ProcessB5cxx11Ev called 0 returned 0% blocks executed 0%
    #####:   67:std::string Second_Extra_Window::Process() {
    #####:   68:    while (Main_Window_.isOpen()) {
    %%%%%:   68-block  0
    %%%%%:   68-block  1
call    0 never executed
branch  1 never executed
branch  2 never executed
    #####:   69:        Events();
    %%%%%:   69-block  0
call    0 never executed
    #####:   70:        Draw();
call    0 never executed
        -:   71:    }
        -:   72:    try {
    #####:   73:        FindErrors();
    %%%%%:   73-block  0
call    0 never executed
branch  1 never executed
branch  2 never executed
    =====:   74:    } catch (const std::string& error) {
    $$$$$:   74-block  0
branch  0 never executed
branch  1 never executed
    $$$$$:   74-block  1
call    2 never executed
    =====:   75:        ErrorWindow Window(error);
call    0 never executed
branch  1 never executed
branch  2 never executed
    =====:   76:        Window.Process();
    $$$$$:   76-block  0
call    0 never executed
branch  1 never executed
branch  2 never executed
    =====:   77:        Input_String_.clear();
    $$$$$:   77-block  0
call    0 never executed
    =====:   78:    }
call    0 never executed
call    1 never executed
    $$$$$:   78-block  0
call    2 never executed
    $$$$$:   78-block  1
call    3 never executed
    #####:   79:    return Input_String_;
    %%%%%:   79-block  0
call    0 never executed
        -:   80:}
